ERROR - 2023-07-01 12:05:08 --> Error connecting to the database: mysqli_sql_exception: No connection could be made because the target machine actively refused it.
 in C:\xampp\htdocs\data_warehouse\system\Database\MySQLi\Connection.php:174
Stack trace:
#0 C:\xampp\htdocs\data_warehouse\system\Database\MySQLi\Connection.php(174): mysqli->real_connect('localhost', 'root', '', 'data_warehouse', 3306, '', 0)
#1 C:\xampp\htdocs\data_warehouse\system\Database\BaseConnection.php(391): CodeIgniter\Database\MySQLi\Connection->connect(false)
#2 C:\xampp\htdocs\data_warehouse\system\Database\BaseConnection.php(574): CodeIgniter\Database\BaseConnection->initialize()
#3 C:\xampp\htdocs\data_warehouse\system\Database\BaseBuilder.php(1616): CodeIgniter\Database\BaseConnection->query('SELECT *\nFROM `...', Array, false)
#4 C:\xampp\htdocs\data_warehouse\system\Model.php(268): CodeIgniter\Database\BaseBuilder->get()
#5 C:\xampp\htdocs\data_warehouse\system\BaseModel.php(656): CodeIgniter\Model->doFirst()
#6 C:\xampp\htdocs\data_warehouse\app\Models\UserModel.php(18): CodeIgniter\BaseModel->first()
#7 C:\xampp\htdocs\data_warehouse\app\Controllers\AuthController.php(37): App\Models\UserModel->checkLogin('admin', 'admin')
#8 C:\xampp\htdocs\data_warehouse\system\CodeIgniter.php(934): App\Controllers\AuthController->proses_login()
#9 C:\xampp\htdocs\data_warehouse\system\CodeIgniter.php(499): CodeIgniter\CodeIgniter->runController(Object(App\Controllers\AuthController))
#10 C:\xampp\htdocs\data_warehouse\system\CodeIgniter.php(368): CodeIgniter\CodeIgniter->handleRequest(NULL, Object(Config\Cache), false)
#11 C:\xampp\htdocs\data_warehouse\public\index.php(67): CodeIgniter\CodeIgniter->run()
#12 C:\xampp\htdocs\data_warehouse\system\Commands\Server\rewrite.php(47): require_once('C:\\xampp\\htdocs...')
#13 {main}

Next CodeIgniter\Database\Exceptions\DatabaseException: No connection could be made because the target machine actively refused it.
 in C:\xampp\htdocs\data_warehouse\system\Database\MySQLi\Connection.php:218
Stack trace:
#0 C:\xampp\htdocs\data_warehouse\system\Database\BaseConnection.php(391): CodeIgniter\Database\MySQLi\Connection->connect(false)
#1 C:\xampp\htdocs\data_warehouse\system\Database\BaseConnection.php(574): CodeIgniter\Database\BaseConnection->initialize()
#2 C:\xampp\htdocs\data_warehouse\system\Database\BaseBuilder.php(1616): CodeIgniter\Database\BaseConnection->query('SELECT *\nFROM `...', Array, false)
#3 C:\xampp\htdocs\data_warehouse\system\Model.php(268): CodeIgniter\Database\BaseBuilder->get()
#4 C:\xampp\htdocs\data_warehouse\system\BaseModel.php(656): CodeIgniter\Model->doFirst()
#5 C:\xampp\htdocs\data_warehouse\app\Models\UserModel.php(18): CodeIgniter\BaseModel->first()
#6 C:\xampp\htdocs\data_warehouse\app\Controllers\AuthController.php(37): App\Models\UserModel->checkLogin('admin', 'admin')
#7 C:\xampp\htdocs\data_warehouse\system\CodeIgniter.php(934): App\Controllers\AuthController->proses_login()
#8 C:\xampp\htdocs\data_warehouse\system\CodeIgniter.php(499): CodeIgniter\CodeIgniter->runController(Object(App\Controllers\AuthController))
#9 C:\xampp\htdocs\data_warehouse\system\CodeIgniter.php(368): CodeIgniter\CodeIgniter->handleRequest(NULL, Object(Config\Cache), false)
#10 C:\xampp\htdocs\data_warehouse\public\index.php(67): CodeIgniter\CodeIgniter->run()
#11 C:\xampp\htdocs\data_warehouse\system\Commands\Server\rewrite.php(47): require_once('C:\\xampp\\htdocs...')
#12 {main}
CRITICAL - 2023-07-01 12:05:08 --> Unable to connect to the database.
Main connection [MySQLi]: No connection could be made because the target machine actively refused it.

in SYSTEMPATH\Database\BaseConnection.php on line 427.
 1 SYSTEMPATH\Database\BaseConnection.php(574): CodeIgniter\Database\BaseConnection->initialize()
 2 SYSTEMPATH\Database\BaseBuilder.php(1616): CodeIgniter\Database\BaseConnection->query('SELECT *
FROM `user`
WHERE `username` = :username:
AND `password` = :password:
 LIMIT 1', [...], false)
 3 SYSTEMPATH\Model.php(268): CodeIgniter\Database\BaseBuilder->get()
 4 SYSTEMPATH\BaseModel.php(656): CodeIgniter\Model->doFirst()
 5 APPPATH\Models\UserModel.php(18): CodeIgniter\BaseModel->first()
 6 APPPATH\Controllers\AuthController.php(37): App\Models\UserModel->checkLogin('admin', 'admin')
 7 SYSTEMPATH\CodeIgniter.php(934): App\Controllers\AuthController->proses_login()
 8 SYSTEMPATH\CodeIgniter.php(499): CodeIgniter\CodeIgniter->runController(Object(App\Controllers\AuthController))
 9 SYSTEMPATH\CodeIgniter.php(368): CodeIgniter\CodeIgniter->handleRequest(null, Object(Config\Cache), false)
10 FCPATH\index.php(67): CodeIgniter\CodeIgniter->run()
11 SYSTEMPATH\Commands\Server\rewrite.php(47): require_once('C:\\xampp\\htdocs\\data_warehouse\\public\\index.php')
CRITICAL - 2023-07-01 15:20:40 --> include(layout/header.php): failed to open stream: No such file or directory
in APPPATH\Views\user\user.php on line 4.
 1 APPPATH\Views\user\user.php(4): CodeIgniter\Debug\Exceptions->errorHandler(2, 'include(layout/header.php): failed to open stream: No such file or directory', 'C:\\xampp\\htdocs\\data_warehouse\\app\\Views\\user\\user.php', 4, [])
 2 APPPATH\Views\user\user.php(4): include()
 3 SYSTEMPATH\View\View.php(213): include('C:\\xampp\\htdocs\\data_warehouse\\app\\Views\\user\\user.php')
 4 SYSTEMPATH\View\View.php(216): CodeIgniter\View\View->CodeIgniter\View\{closure}()
 5 SYSTEMPATH\Common.php(1184): CodeIgniter\View\View->render('user/user', [], true)
 6 APPPATH\Controllers\UserController.php(9): view('user/user')
 7 SYSTEMPATH\CodeIgniter.php(934): App\Controllers\UserController->index()
 8 SYSTEMPATH\CodeIgniter.php(499): CodeIgniter\CodeIgniter->runController(Object(App\Controllers\UserController))
 9 SYSTEMPATH\CodeIgniter.php(368): CodeIgniter\CodeIgniter->handleRequest(null, Object(Config\Cache), false)
10 FCPATH\index.php(67): CodeIgniter\CodeIgniter->run()
11 SYSTEMPATH\Commands\Server\rewrite.php(47): require_once('C:\\xampp\\htdocs\\data_warehouse\\public\\index.php')
CRITICAL - 2023-07-01 15:22:25 --> include(../layout/header.php): failed to open stream: No such file or directory
in APPPATH\Views\user\user.php on line 4.
 1 APPPATH\Views\user\user.php(4): CodeIgniter\Debug\Exceptions->errorHandler(2, 'include(../layout/header.php): failed to open stream: No such file or directory', 'C:\\xampp\\htdocs\\data_warehouse\\app\\Views\\user\\user.php', 4, [])
 2 APPPATH\Views\user\user.php(4): include()
 3 SYSTEMPATH\View\View.php(213): include('C:\\xampp\\htdocs\\data_warehouse\\app\\Views\\user\\user.php')
 4 SYSTEMPATH\View\View.php(216): CodeIgniter\View\View->CodeIgniter\View\{closure}()
 5 SYSTEMPATH\Common.php(1184): CodeIgniter\View\View->render('user/user', [], true)
 6 APPPATH\Controllers\UserController.php(9): view('user/user')
 7 SYSTEMPATH\CodeIgniter.php(934): App\Controllers\UserController->index()
 8 SYSTEMPATH\CodeIgniter.php(499): CodeIgniter\CodeIgniter->runController(Object(App\Controllers\UserController))
 9 SYSTEMPATH\CodeIgniter.php(368): CodeIgniter\CodeIgniter->handleRequest(null, Object(Config\Cache), false)
10 FCPATH\index.php(67): CodeIgniter\CodeIgniter->run()
11 SYSTEMPATH\Commands\Server\rewrite.php(47): require_once('C:\\xampp\\htdocs\\data_warehouse\\public\\index.php')
CRITICAL - 2023-07-01 15:22:26 --> include(../layout/header.php): failed to open stream: No such file or directory
in APPPATH\Views\user\user.php on line 4.
 1 APPPATH\Views\user\user.php(4): CodeIgniter\Debug\Exceptions->errorHandler(2, 'include(../layout/header.php): failed to open stream: No such file or directory', 'C:\\xampp\\htdocs\\data_warehouse\\app\\Views\\user\\user.php', 4, [])
 2 APPPATH\Views\user\user.php(4): include()
 3 SYSTEMPATH\View\View.php(213): include('C:\\xampp\\htdocs\\data_warehouse\\app\\Views\\user\\user.php')
 4 SYSTEMPATH\View\View.php(216): CodeIgniter\View\View->CodeIgniter\View\{closure}()
 5 SYSTEMPATH\Common.php(1184): CodeIgniter\View\View->render('user/user', [], true)
 6 APPPATH\Controllers\UserController.php(9): view('user/user')
 7 SYSTEMPATH\CodeIgniter.php(934): App\Controllers\UserController->index()
 8 SYSTEMPATH\CodeIgniter.php(499): CodeIgniter\CodeIgniter->runController(Object(App\Controllers\UserController))
 9 SYSTEMPATH\CodeIgniter.php(368): CodeIgniter\CodeIgniter->handleRequest(null, Object(Config\Cache), false)
10 FCPATH\index.php(67): CodeIgniter\CodeIgniter->run()
11 SYSTEMPATH\Commands\Server\rewrite.php(47): require_once('C:\\xampp\\htdocs\\data_warehouse\\public\\index.php')
CRITICAL - 2023-07-01 15:22:37 --> include(/layout/header.php): failed to open stream: No such file or directory
in APPPATH\Views\user\user.php on line 4.
 1 APPPATH\Views\user\user.php(4): CodeIgniter\Debug\Exceptions->errorHandler(2, 'include(/layout/header.php): failed to open stream: No such file or directory', 'C:\\xampp\\htdocs\\data_warehouse\\app\\Views\\user\\user.php', 4, [])
 2 APPPATH\Views\user\user.php(4): include()
 3 SYSTEMPATH\View\View.php(213): include('C:\\xampp\\htdocs\\data_warehouse\\app\\Views\\user\\user.php')
 4 SYSTEMPATH\View\View.php(216): CodeIgniter\View\View->CodeIgniter\View\{closure}()
 5 SYSTEMPATH\Common.php(1184): CodeIgniter\View\View->render('user/user', [], true)
 6 APPPATH\Controllers\UserController.php(9): view('user/user')
 7 SYSTEMPATH\CodeIgniter.php(934): App\Controllers\UserController->index()
 8 SYSTEMPATH\CodeIgniter.php(499): CodeIgniter\CodeIgniter->runController(Object(App\Controllers\UserController))
 9 SYSTEMPATH\CodeIgniter.php(368): CodeIgniter\CodeIgniter->handleRequest(null, Object(Config\Cache), false)
10 FCPATH\index.php(67): CodeIgniter\CodeIgniter->run()
11 SYSTEMPATH\Commands\Server\rewrite.php(47): require_once('C:\\xampp\\htdocs\\data_warehouse\\public\\index.php')
CRITICAL - 2023-07-01 15:22:41 --> include(layout/header.php): failed to open stream: No such file or directory
in APPPATH\Views\user\user.php on line 4.
 1 APPPATH\Views\user\user.php(4): CodeIgniter\Debug\Exceptions->errorHandler(2, 'include(layout/header.php): failed to open stream: No such file or directory', 'C:\\xampp\\htdocs\\data_warehouse\\app\\Views\\user\\user.php', 4, [])
 2 APPPATH\Views\user\user.php(4): include()
 3 SYSTEMPATH\View\View.php(213): include('C:\\xampp\\htdocs\\data_warehouse\\app\\Views\\user\\user.php')
 4 SYSTEMPATH\View\View.php(216): CodeIgniter\View\View->CodeIgniter\View\{closure}()
 5 SYSTEMPATH\Common.php(1184): CodeIgniter\View\View->render('user/user', [], true)
 6 APPPATH\Controllers\UserController.php(9): view('user/user')
 7 SYSTEMPATH\CodeIgniter.php(934): App\Controllers\UserController->index()
 8 SYSTEMPATH\CodeIgniter.php(499): CodeIgniter\CodeIgniter->runController(Object(App\Controllers\UserController))
 9 SYSTEMPATH\CodeIgniter.php(368): CodeIgniter\CodeIgniter->handleRequest(null, Object(Config\Cache), false)
10 FCPATH\index.php(67): CodeIgniter\CodeIgniter->run()
11 SYSTEMPATH\Commands\Server\rewrite.php(47): require_once('C:\\xampp\\htdocs\\data_warehouse\\public\\index.php')
CRITICAL - 2023-07-01 15:23:06 --> include(layout/navbar.php): failed to open stream: No such file or directory
in APPPATH\Views\user\user.php on line 14.
 1 APPPATH\Views\user\user.php(14): CodeIgniter\Debug\Exceptions->errorHandler(2, 'include(layout/navbar.php): failed to open stream: No such file or directory', 'C:\\xampp\\htdocs\\data_warehouse\\app\\Views\\user\\user.php', 14, [])
 2 APPPATH\Views\user\user.php(14): include()
 3 SYSTEMPATH\View\View.php(213): include('C:\\xampp\\htdocs\\data_warehouse\\app\\Views\\user\\user.php')
 4 SYSTEMPATH\View\View.php(216): CodeIgniter\View\View->CodeIgniter\View\{closure}()
 5 SYSTEMPATH\Common.php(1184): CodeIgniter\View\View->render('user/user', [], true)
 6 APPPATH\Controllers\UserController.php(9): view('user/user')
 7 SYSTEMPATH\CodeIgniter.php(934): App\Controllers\UserController->index()
 8 SYSTEMPATH\CodeIgniter.php(499): CodeIgniter\CodeIgniter->runController(Object(App\Controllers\UserController))
 9 SYSTEMPATH\CodeIgniter.php(368): CodeIgniter\CodeIgniter->handleRequest(null, Object(Config\Cache), false)
10 FCPATH\index.php(67): CodeIgniter\CodeIgniter->run()
11 SYSTEMPATH\Commands\Server\rewrite.php(47): require_once('C:\\xampp\\htdocs\\data_warehouse\\public\\index.php')
CRITICAL - 2023-07-01 15:23:15 --> include(layout/footer.php): failed to open stream: No such file or directory
in APPPATH\Views\user\user.php on line 57.
 1 APPPATH\Views\user\user.php(57): CodeIgniter\Debug\Exceptions->errorHandler(2, 'include(layout/footer.php): failed to open stream: No such file or directory', 'C:\\xampp\\htdocs\\data_warehouse\\app\\Views\\user\\user.php', 57, [])
 2 APPPATH\Views\user\user.php(57): include()
 3 SYSTEMPATH\View\View.php(213): include('C:\\xampp\\htdocs\\data_warehouse\\app\\Views\\user\\user.php')
 4 SYSTEMPATH\View\View.php(216): CodeIgniter\View\View->CodeIgniter\View\{closure}()
 5 SYSTEMPATH\Common.php(1184): CodeIgniter\View\View->render('user/user', [], true)
 6 APPPATH\Controllers\UserController.php(9): view('user/user')
 7 SYSTEMPATH\CodeIgniter.php(934): App\Controllers\UserController->index()
 8 SYSTEMPATH\CodeIgniter.php(499): CodeIgniter\CodeIgniter->runController(Object(App\Controllers\UserController))
 9 SYSTEMPATH\CodeIgniter.php(368): CodeIgniter\CodeIgniter->handleRequest(null, Object(Config\Cache), false)
10 FCPATH\index.php(67): CodeIgniter\CodeIgniter->run()
11 SYSTEMPATH\Commands\Server\rewrite.php(47): require_once('C:\\xampp\\htdocs\\data_warehouse\\public\\index.php')
CRITICAL - 2023-07-01 15:23:20 --> include(layout/footer.php): failed to open stream: No such file or directory
in APPPATH\Views\user\user.php on line 57.
 1 APPPATH\Views\user\user.php(57): CodeIgniter\Debug\Exceptions->errorHandler(2, 'include(layout/footer.php): failed to open stream: No such file or directory', 'C:\\xampp\\htdocs\\data_warehouse\\app\\Views\\user\\user.php', 57, [])
 2 APPPATH\Views\user\user.php(57): include()
 3 SYSTEMPATH\View\View.php(213): include('C:\\xampp\\htdocs\\data_warehouse\\app\\Views\\user\\user.php')
 4 SYSTEMPATH\View\View.php(216): CodeIgniter\View\View->CodeIgniter\View\{closure}()
 5 SYSTEMPATH\Common.php(1184): CodeIgniter\View\View->render('user/user', [], true)
 6 APPPATH\Controllers\UserController.php(9): view('user/user')
 7 SYSTEMPATH\CodeIgniter.php(934): App\Controllers\UserController->index()
 8 SYSTEMPATH\CodeIgniter.php(499): CodeIgniter\CodeIgniter->runController(Object(App\Controllers\UserController))
 9 SYSTEMPATH\CodeIgniter.php(368): CodeIgniter\CodeIgniter->handleRequest(null, Object(Config\Cache), false)
10 FCPATH\index.php(67): CodeIgniter\CodeIgniter->run()
11 SYSTEMPATH\Commands\Server\rewrite.php(47): require_once('C:\\xampp\\htdocs\\data_warehouse\\public\\index.php')
CRITICAL - 2023-07-01 15:25:07 --> include(layout/header.php): failed to open stream: No such file or directory
in APPPATH\Views\user\user.php on line 4.
 1 APPPATH\Views\user\user.php(4): CodeIgniter\Debug\Exceptions->errorHandler(2, 'include(layout/header.php): failed to open stream: No such file or directory', 'C:\\xampp\\htdocs\\data_warehouse\\app\\Views\\user\\user.php', 4, [])
 2 APPPATH\Views\user\user.php(4): include()
 3 SYSTEMPATH\View\View.php(213): include('C:\\xampp\\htdocs\\data_warehouse\\app\\Views\\user\\user.php')
 4 SYSTEMPATH\View\View.php(216): CodeIgniter\View\View->CodeIgniter\View\{closure}()
 5 SYSTEMPATH\Common.php(1184): CodeIgniter\View\View->render('user/user', [], true)
 6 APPPATH\Controllers\UserController.php(9): view('user/user')
 7 SYSTEMPATH\CodeIgniter.php(934): App\Controllers\UserController->index()
 8 SYSTEMPATH\CodeIgniter.php(499): CodeIgniter\CodeIgniter->runController(Object(App\Controllers\UserController))
 9 SYSTEMPATH\CodeIgniter.php(368): CodeIgniter\CodeIgniter->handleRequest(null, Object(Config\Cache), false)
10 FCPATH\index.php(67): CodeIgniter\CodeIgniter->run()
11 SYSTEMPATH\Commands\Server\rewrite.php(47): require_once('C:\\xampp\\htdocs\\data_warehouse\\public\\index.php')
CRITICAL - 2023-07-01 15:25:57 --> include(header.php): failed to open stream: No such file or directory
in APPPATH\Views\user\user.php on line 4.
 1 APPPATH\Views\user\user.php(4): CodeIgniter\Debug\Exceptions->errorHandler(2, 'include(header.php): failed to open stream: No such file or directory', 'C:\\xampp\\htdocs\\data_warehouse\\app\\Views\\user\\user.php', 4, [])
 2 APPPATH\Views\user\user.php(4): include()
 3 SYSTEMPATH\View\View.php(213): include('C:\\xampp\\htdocs\\data_warehouse\\app\\Views\\user\\user.php')
 4 SYSTEMPATH\View\View.php(216): CodeIgniter\View\View->CodeIgniter\View\{closure}()
 5 SYSTEMPATH\Common.php(1184): CodeIgniter\View\View->render('user/user', [], true)
 6 APPPATH\Controllers\UserController.php(9): view('user/user')
 7 SYSTEMPATH\CodeIgniter.php(934): App\Controllers\UserController->index()
 8 SYSTEMPATH\CodeIgniter.php(499): CodeIgniter\CodeIgniter->runController(Object(App\Controllers\UserController))
 9 SYSTEMPATH\CodeIgniter.php(368): CodeIgniter\CodeIgniter->handleRequest(null, Object(Config\Cache), false)
10 FCPATH\index.php(67): CodeIgniter\CodeIgniter->run()
11 SYSTEMPATH\Commands\Server\rewrite.php(47): require_once('C:\\xampp\\htdocs\\data_warehouse\\public\\index.php')
CRITICAL - 2023-07-01 15:25:58 --> include(header.php): failed to open stream: No such file or directory
in APPPATH\Views\user\user.php on line 4.
 1 APPPATH\Views\user\user.php(4): CodeIgniter\Debug\Exceptions->errorHandler(2, 'include(header.php): failed to open stream: No such file or directory', 'C:\\xampp\\htdocs\\data_warehouse\\app\\Views\\user\\user.php', 4, [])
 2 APPPATH\Views\user\user.php(4): include()
 3 SYSTEMPATH\View\View.php(213): include('C:\\xampp\\htdocs\\data_warehouse\\app\\Views\\user\\user.php')
 4 SYSTEMPATH\View\View.php(216): CodeIgniter\View\View->CodeIgniter\View\{closure}()
 5 SYSTEMPATH\Common.php(1184): CodeIgniter\View\View->render('user/user', [], true)
 6 APPPATH\Controllers\UserController.php(9): view('user/user')
 7 SYSTEMPATH\CodeIgniter.php(934): App\Controllers\UserController->index()
 8 SYSTEMPATH\CodeIgniter.php(499): CodeIgniter\CodeIgniter->runController(Object(App\Controllers\UserController))
 9 SYSTEMPATH\CodeIgniter.php(368): CodeIgniter\CodeIgniter->handleRequest(null, Object(Config\Cache), false)
10 FCPATH\index.php(67): CodeIgniter\CodeIgniter->run()
11 SYSTEMPATH\Commands\Server\rewrite.php(47): require_once('C:\\xampp\\htdocs\\data_warehouse\\public\\index.php')
CRITICAL - 2023-07-01 15:26:05 --> include(layout/header): failed to open stream: No such file or directory
in APPPATH\Views\user\user.php on line 4.
 1 APPPATH\Views\user\user.php(4): CodeIgniter\Debug\Exceptions->errorHandler(2, 'include(layout/header): failed to open stream: No such file or directory', 'C:\\xampp\\htdocs\\data_warehouse\\app\\Views\\user\\user.php', 4, [])
 2 APPPATH\Views\user\user.php(4): include()
 3 SYSTEMPATH\View\View.php(213): include('C:\\xampp\\htdocs\\data_warehouse\\app\\Views\\user\\user.php')
 4 SYSTEMPATH\View\View.php(216): CodeIgniter\View\View->CodeIgniter\View\{closure}()
 5 SYSTEMPATH\Common.php(1184): CodeIgniter\View\View->render('user/user', [], true)
 6 APPPATH\Controllers\UserController.php(9): view('user/user')
 7 SYSTEMPATH\CodeIgniter.php(934): App\Controllers\UserController->index()
 8 SYSTEMPATH\CodeIgniter.php(499): CodeIgniter\CodeIgniter->runController(Object(App\Controllers\UserController))
 9 SYSTEMPATH\CodeIgniter.php(368): CodeIgniter\CodeIgniter->handleRequest(null, Object(Config\Cache), false)
10 FCPATH\index.php(67): CodeIgniter\CodeIgniter->run()
11 SYSTEMPATH\Commands\Server\rewrite.php(47): require_once('C:\\xampp\\htdocs\\data_warehouse\\public\\index.php')
CRITICAL - 2023-07-01 15:26:07 --> include(layout/header): failed to open stream: No such file or directory
in APPPATH\Views\user\user.php on line 4.
 1 APPPATH\Views\user\user.php(4): CodeIgniter\Debug\Exceptions->errorHandler(2, 'include(layout/header): failed to open stream: No such file or directory', 'C:\\xampp\\htdocs\\data_warehouse\\app\\Views\\user\\user.php', 4, [])
 2 APPPATH\Views\user\user.php(4): include()
 3 SYSTEMPATH\View\View.php(213): include('C:\\xampp\\htdocs\\data_warehouse\\app\\Views\\user\\user.php')
 4 SYSTEMPATH\View\View.php(216): CodeIgniter\View\View->CodeIgniter\View\{closure}()
 5 SYSTEMPATH\Common.php(1184): CodeIgniter\View\View->render('user/user', [], true)
 6 APPPATH\Controllers\UserController.php(9): view('user/user')
 7 SYSTEMPATH\CodeIgniter.php(934): App\Controllers\UserController->index()
 8 SYSTEMPATH\CodeIgniter.php(499): CodeIgniter\CodeIgniter->runController(Object(App\Controllers\UserController))
 9 SYSTEMPATH\CodeIgniter.php(368): CodeIgniter\CodeIgniter->handleRequest(null, Object(Config\Cache), false)
10 FCPATH\index.php(67): CodeIgniter\CodeIgniter->run()
11 SYSTEMPATH\Commands\Server\rewrite.php(47): require_once('C:\\xampp\\htdocs\\data_warehouse\\public\\index.php')
CRITICAL - 2023-07-01 15:26:10 --> include(layout/header.php): failed to open stream: No such file or directory
in APPPATH\Views\user\user.php on line 4.
 1 APPPATH\Views\user\user.php(4): CodeIgniter\Debug\Exceptions->errorHandler(2, 'include(layout/header.php): failed to open stream: No such file or directory', 'C:\\xampp\\htdocs\\data_warehouse\\app\\Views\\user\\user.php', 4, [])
 2 APPPATH\Views\user\user.php(4): include()
 3 SYSTEMPATH\View\View.php(213): include('C:\\xampp\\htdocs\\data_warehouse\\app\\Views\\user\\user.php')
 4 SYSTEMPATH\View\View.php(216): CodeIgniter\View\View->CodeIgniter\View\{closure}()
 5 SYSTEMPATH\Common.php(1184): CodeIgniter\View\View->render('user/user', [], true)
 6 APPPATH\Controllers\UserController.php(9): view('user/user')
 7 SYSTEMPATH\CodeIgniter.php(934): App\Controllers\UserController->index()
 8 SYSTEMPATH\CodeIgniter.php(499): CodeIgniter\CodeIgniter->runController(Object(App\Controllers\UserController))
 9 SYSTEMPATH\CodeIgniter.php(368): CodeIgniter\CodeIgniter->handleRequest(null, Object(Config\Cache), false)
10 FCPATH\index.php(67): CodeIgniter\CodeIgniter->run()
11 SYSTEMPATH\Commands\Server\rewrite.php(47): require_once('C:\\xampp\\htdocs\\data_warehouse\\public\\index.php')
CRITICAL - 2023-07-01 15:27:26 --> include(layout/header.php): failed to open stream: No such file or directory
in APPPATH\Views\user\user.php on line 4.
 1 APPPATH\Views\user\user.php(4): CodeIgniter\Debug\Exceptions->errorHandler(2, 'include(layout/header.php): failed to open stream: No such file or directory', 'C:\\xampp\\htdocs\\data_warehouse\\app\\Views\\user\\user.php', 4, [])
 2 APPPATH\Views\user\user.php(4): include()
 3 SYSTEMPATH\View\View.php(213): include('C:\\xampp\\htdocs\\data_warehouse\\app\\Views\\user\\user.php')
 4 SYSTEMPATH\View\View.php(216): CodeIgniter\View\View->CodeIgniter\View\{closure}()
 5 SYSTEMPATH\Common.php(1184): CodeIgniter\View\View->render('user/user', [], true)
 6 APPPATH\Controllers\UserController.php(9): view('user/user')
 7 SYSTEMPATH\CodeIgniter.php(934): App\Controllers\UserController->index()
 8 SYSTEMPATH\CodeIgniter.php(499): CodeIgniter\CodeIgniter->runController(Object(App\Controllers\UserController))
 9 SYSTEMPATH\CodeIgniter.php(368): CodeIgniter\CodeIgniter->handleRequest(null, Object(Config\Cache), false)
10 FCPATH\index.php(67): CodeIgniter\CodeIgniter->run()
11 SYSTEMPATH\Commands\Server\rewrite.php(47): require_once('C:\\xampp\\htdocs\\data_warehouse\\public\\index.php')
CRITICAL - 2023-07-01 15:28:57 --> include(layout/header.php): failed to open stream: No such file or directory
in APPPATH\Views\user\user.php on line 4.
 1 APPPATH\Views\user\user.php(4): CodeIgniter\Debug\Exceptions->errorHandler(2, 'include(layout/header.php): failed to open stream: No such file or directory', 'C:\\xampp\\htdocs\\data_warehouse\\app\\Views\\user\\user.php', 4, [])
 2 APPPATH\Views\user\user.php(4): include()
 3 SYSTEMPATH\View\View.php(213): include('C:\\xampp\\htdocs\\data_warehouse\\app\\Views\\user\\user.php')
 4 SYSTEMPATH\View\View.php(216): CodeIgniter\View\View->CodeIgniter\View\{closure}()
 5 SYSTEMPATH\Common.php(1184): CodeIgniter\View\View->render('user/user', [], true)
 6 APPPATH\Controllers\UserController.php(9): view('user/user')
 7 SYSTEMPATH\CodeIgniter.php(934): App\Controllers\UserController->index()
 8 SYSTEMPATH\CodeIgniter.php(499): CodeIgniter\CodeIgniter->runController(Object(App\Controllers\UserController))
 9 SYSTEMPATH\CodeIgniter.php(368): CodeIgniter\CodeIgniter->handleRequest(null, Object(Config\Cache), false)
10 FCPATH\index.php(67): CodeIgniter\CodeIgniter->run()
11 SYSTEMPATH\Commands\Server\rewrite.php(47): require_once('C:\\xampp\\htdocs\\data_warehouse\\public\\index.php')
CRITICAL - 2023-07-01 15:29:01 --> include(layout/header.php): failed to open stream: No such file or directory
in APPPATH\Views\user\user.php on line 4.
 1 APPPATH\Views\user\user.php(4): CodeIgniter\Debug\Exceptions->errorHandler(2, 'include(layout/header.php): failed to open stream: No such file or directory', 'C:\\xampp\\htdocs\\data_warehouse\\app\\Views\\user\\user.php', 4, [])
 2 APPPATH\Views\user\user.php(4): include()
 3 SYSTEMPATH\View\View.php(213): include('C:\\xampp\\htdocs\\data_warehouse\\app\\Views\\user\\user.php')
 4 SYSTEMPATH\View\View.php(216): CodeIgniter\View\View->CodeIgniter\View\{closure}()
 5 SYSTEMPATH\Common.php(1184): CodeIgniter\View\View->render('user/user', [], true)
 6 APPPATH\Controllers\UserController.php(9): view('user/user')
 7 SYSTEMPATH\CodeIgniter.php(934): App\Controllers\UserController->index()
 8 SYSTEMPATH\CodeIgniter.php(499): CodeIgniter\CodeIgniter->runController(Object(App\Controllers\UserController))
 9 SYSTEMPATH\CodeIgniter.php(368): CodeIgniter\CodeIgniter->handleRequest(null, Object(Config\Cache), false)
10 FCPATH\index.php(67): CodeIgniter\CodeIgniter->run()
11 SYSTEMPATH\Commands\Server\rewrite.php(47): require_once('C:\\xampp\\htdocs\\data_warehouse\\public\\index.php')
CRITICAL - 2023-07-01 15:29:40 --> require(layout/header.php): failed to open stream: No such file or directory
in APPPATH\Views\user\user.php on line 4.
 1 APPPATH\Views\user\user.php(4): CodeIgniter\Debug\Exceptions->errorHandler(2, 'require(layout/header.php): failed to open stream: No such file or directory', 'C:\\xampp\\htdocs\\data_warehouse\\app\\Views\\user\\user.php', 4, [])
 2 APPPATH\Views\user\user.php(4): require()
 3 SYSTEMPATH\View\View.php(213): include('C:\\xampp\\htdocs\\data_warehouse\\app\\Views\\user\\user.php')
 4 SYSTEMPATH\View\View.php(216): CodeIgniter\View\View->CodeIgniter\View\{closure}()
 5 SYSTEMPATH\Common.php(1184): CodeIgniter\View\View->render('user/user', [], true)
 6 APPPATH\Controllers\UserController.php(9): view('user/user')
 7 SYSTEMPATH\CodeIgniter.php(934): App\Controllers\UserController->index()
 8 SYSTEMPATH\CodeIgniter.php(499): CodeIgniter\CodeIgniter->runController(Object(App\Controllers\UserController))
 9 SYSTEMPATH\CodeIgniter.php(368): CodeIgniter\CodeIgniter->handleRequest(null, Object(Config\Cache), false)
10 FCPATH\index.php(67): CodeIgniter\CodeIgniter->run()
11 SYSTEMPATH\Commands\Server\rewrite.php(47): require_once('C:\\xampp\\htdocs\\data_warehouse\\public\\index.php')
CRITICAL - 2023-07-01 15:29:49 --> include(layout/header.php): failed to open stream: No such file or directory
in APPPATH\Views\user\user.php on line 4.
 1 APPPATH\Views\user\user.php(4): CodeIgniter\Debug\Exceptions->errorHandler(2, 'include(layout/header.php): failed to open stream: No such file or directory', 'C:\\xampp\\htdocs\\data_warehouse\\app\\Views\\user\\user.php', 4, [])
 2 APPPATH\Views\user\user.php(4): include()
 3 SYSTEMPATH\View\View.php(213): include('C:\\xampp\\htdocs\\data_warehouse\\app\\Views\\user\\user.php')
 4 SYSTEMPATH\View\View.php(216): CodeIgniter\View\View->CodeIgniter\View\{closure}()
 5 SYSTEMPATH\Common.php(1184): CodeIgniter\View\View->render('user/user', [], true)
 6 APPPATH\Controllers\UserController.php(9): view('user/user')
 7 SYSTEMPATH\CodeIgniter.php(934): App\Controllers\UserController->index()
 8 SYSTEMPATH\CodeIgniter.php(499): CodeIgniter\CodeIgniter->runController(Object(App\Controllers\UserController))
 9 SYSTEMPATH\CodeIgniter.php(368): CodeIgniter\CodeIgniter->handleRequest(null, Object(Config\Cache), false)
10 FCPATH\index.php(67): CodeIgniter\CodeIgniter->run()
11 SYSTEMPATH\Commands\Server\rewrite.php(47): require_once('C:\\xampp\\htdocs\\data_warehouse\\public\\index.php')
