CRITICAL - 2023-07-29 09:02:06 --> Call to undefined method App\Models\Fact_NasabahModel::getTopBanksByYearAndBank
in SYSTEMPATH\Model.php on line 842.
 1 APPPATH\Controllers\GrafikController.php(69): CodeIgniter\Model->__call('getTopBanksByYearAndBank', [...])
 2 APPPATH\Controllers\GrafikController.php(50): App\Controllers\GrafikController->getTopBanksByYearAndBank('2019', '2')
 3 SYSTEMPATH\CodeIgniter.php(934): App\Controllers\GrafikController->getData('2019', '2')
 4 SYSTEMPATH\CodeIgniter.php(499): CodeIgniter\CodeIgniter->runController(Object(App\Controllers\GrafikController))
 5 SYSTEMPATH\CodeIgniter.php(368): CodeIgniter\CodeIgniter->handleRequest(null, Object(Config\Cache), false)
 6 FCPATH\index.php(67): CodeIgniter\CodeIgniter->run()
 7 SYSTEMPATH\Commands\Server\rewrite.php(47): require_once('C:\\xampp\\htdocs\\data_warehouse\\public\\index.php')
CRITICAL - 2023-07-29 09:02:07 --> Call to undefined method App\Models\Fact_NasabahModel::getTopBanksByYearAndBank
in SYSTEMPATH\Model.php on line 842.
 1 APPPATH\Controllers\GrafikController.php(69): CodeIgniter\Model->__call('getTopBanksByYearAndBank', [...])
 2 APPPATH\Controllers\GrafikController.php(50): App\Controllers\GrafikController->getTopBanksByYearAndBank('2019', '2')
 3 SYSTEMPATH\CodeIgniter.php(934): App\Controllers\GrafikController->getData('2019', '2')
 4 SYSTEMPATH\CodeIgniter.php(499): CodeIgniter\CodeIgniter->runController(Object(App\Controllers\GrafikController))
 5 SYSTEMPATH\CodeIgniter.php(368): CodeIgniter\CodeIgniter->handleRequest(null, Object(Config\Cache), false)
 6 FCPATH\index.php(67): CodeIgniter\CodeIgniter->run()
 7 SYSTEMPATH\Commands\Server\rewrite.php(47): require_once('C:\\xampp\\htdocs\\data_warehouse\\public\\index.php')
CRITICAL - 2023-07-29 09:02:07 --> Call to undefined method App\Models\Fact_NasabahModel::getTopBanksByYearAndBank
in SYSTEMPATH\Model.php on line 842.
 1 APPPATH\Controllers\GrafikController.php(69): CodeIgniter\Model->__call('getTopBanksByYearAndBank', [...])
 2 APPPATH\Controllers\GrafikController.php(50): App\Controllers\GrafikController->getTopBanksByYearAndBank('2019', '2')
 3 SYSTEMPATH\CodeIgniter.php(934): App\Controllers\GrafikController->getData('2019', '2')
 4 SYSTEMPATH\CodeIgniter.php(499): CodeIgniter\CodeIgniter->runController(Object(App\Controllers\GrafikController))
 5 SYSTEMPATH\CodeIgniter.php(368): CodeIgniter\CodeIgniter->handleRequest(null, Object(Config\Cache), false)
 6 FCPATH\index.php(67): CodeIgniter\CodeIgniter->run()
 7 SYSTEMPATH\Commands\Server\rewrite.php(47): require_once('C:\\xampp\\htdocs\\data_warehouse\\public\\index.php')
CRITICAL - 2023-07-29 09:02:07 --> Call to undefined method App\Models\Fact_NasabahModel::getTopBanksByYearAndBank
in SYSTEMPATH\Model.php on line 842.
 1 APPPATH\Controllers\GrafikController.php(69): CodeIgniter\Model->__call('getTopBanksByYearAndBank', [...])
 2 APPPATH\Controllers\GrafikController.php(50): App\Controllers\GrafikController->getTopBanksByYearAndBank('2019', '2')
 3 SYSTEMPATH\CodeIgniter.php(934): App\Controllers\GrafikController->getData('2019', '2')
 4 SYSTEMPATH\CodeIgniter.php(499): CodeIgniter\CodeIgniter->runController(Object(App\Controllers\GrafikController))
 5 SYSTEMPATH\CodeIgniter.php(368): CodeIgniter\CodeIgniter->handleRequest(null, Object(Config\Cache), false)
 6 FCPATH\index.php(67): CodeIgniter\CodeIgniter->run()
 7 SYSTEMPATH\Commands\Server\rewrite.php(47): require_once('C:\\xampp\\htdocs\\data_warehouse\\public\\index.php')
CRITICAL - 2023-07-29 09:02:07 --> Call to undefined method App\Models\Fact_NasabahModel::getTopBanksByYearAndBank
in SYSTEMPATH\Model.php on line 842.
 1 APPPATH\Controllers\GrafikController.php(69): CodeIgniter\Model->__call('getTopBanksByYearAndBank', [...])
 2 APPPATH\Controllers\GrafikController.php(50): App\Controllers\GrafikController->getTopBanksByYearAndBank('2019', '2')
 3 SYSTEMPATH\CodeIgniter.php(934): App\Controllers\GrafikController->getData('2019', '2')
 4 SYSTEMPATH\CodeIgniter.php(499): CodeIgniter\CodeIgniter->runController(Object(App\Controllers\GrafikController))
 5 SYSTEMPATH\CodeIgniter.php(368): CodeIgniter\CodeIgniter->handleRequest(null, Object(Config\Cache), false)
 6 FCPATH\index.php(67): CodeIgniter\CodeIgniter->run()
 7 SYSTEMPATH\Commands\Server\rewrite.php(47): require_once('C:\\xampp\\htdocs\\data_warehouse\\public\\index.php')
CRITICAL - 2023-07-29 09:02:07 --> Call to undefined method App\Models\Fact_NasabahModel::getTopBanksByYearAndBank
in SYSTEMPATH\Model.php on line 842.
 1 APPPATH\Controllers\GrafikController.php(69): CodeIgniter\Model->__call('getTopBanksByYearAndBank', [...])
 2 APPPATH\Controllers\GrafikController.php(50): App\Controllers\GrafikController->getTopBanksByYearAndBank('2019', '2')
 3 SYSTEMPATH\CodeIgniter.php(934): App\Controllers\GrafikController->getData('2019', '2')
 4 SYSTEMPATH\CodeIgniter.php(499): CodeIgniter\CodeIgniter->runController(Object(App\Controllers\GrafikController))
 5 SYSTEMPATH\CodeIgniter.php(368): CodeIgniter\CodeIgniter->handleRequest(null, Object(Config\Cache), false)
 6 FCPATH\index.php(67): CodeIgniter\CodeIgniter->run()
 7 SYSTEMPATH\Commands\Server\rewrite.php(47): require_once('C:\\xampp\\htdocs\\data_warehouse\\public\\index.php')
CRITICAL - 2023-07-29 09:02:08 --> Call to undefined method App\Models\Fact_NasabahModel::getTopBanksByYearAndBank
in SYSTEMPATH\Model.php on line 842.
 1 APPPATH\Controllers\GrafikController.php(69): CodeIgniter\Model->__call('getTopBanksByYearAndBank', [...])
 2 APPPATH\Controllers\GrafikController.php(50): App\Controllers\GrafikController->getTopBanksByYearAndBank('2019', '2')
 3 SYSTEMPATH\CodeIgniter.php(934): App\Controllers\GrafikController->getData('2019', '2')
 4 SYSTEMPATH\CodeIgniter.php(499): CodeIgniter\CodeIgniter->runController(Object(App\Controllers\GrafikController))
 5 SYSTEMPATH\CodeIgniter.php(368): CodeIgniter\CodeIgniter->handleRequest(null, Object(Config\Cache), false)
 6 FCPATH\index.php(67): CodeIgniter\CodeIgniter->run()
 7 SYSTEMPATH\Commands\Server\rewrite.php(47): require_once('C:\\xampp\\htdocs\\data_warehouse\\public\\index.php')
CRITICAL - 2023-07-29 09:02:10 --> Call to undefined method App\Models\Fact_NasabahModel::getTopBanksByYearAndBank
in SYSTEMPATH\Model.php on line 842.
 1 APPPATH\Controllers\GrafikController.php(69): CodeIgniter\Model->__call('getTopBanksByYearAndBank', [...])
 2 APPPATH\Controllers\GrafikController.php(50): App\Controllers\GrafikController->getTopBanksByYearAndBank('2020', '2')
 3 SYSTEMPATH\CodeIgniter.php(934): App\Controllers\GrafikController->getData('2020', '2')
 4 SYSTEMPATH\CodeIgniter.php(499): CodeIgniter\CodeIgniter->runController(Object(App\Controllers\GrafikController))
 5 SYSTEMPATH\CodeIgniter.php(368): CodeIgniter\CodeIgniter->handleRequest(null, Object(Config\Cache), false)
 6 FCPATH\index.php(67): CodeIgniter\CodeIgniter->run()
 7 SYSTEMPATH\Commands\Server\rewrite.php(47): require_once('C:\\xampp\\htdocs\\data_warehouse\\public\\index.php')
CRITICAL - 2023-07-29 09:02:10 --> Call to undefined method App\Models\Fact_NasabahModel::getTopBanksByYearAndBank
in SYSTEMPATH\Model.php on line 842.
 1 APPPATH\Controllers\GrafikController.php(69): CodeIgniter\Model->__call('getTopBanksByYearAndBank', [...])
 2 APPPATH\Controllers\GrafikController.php(50): App\Controllers\GrafikController->getTopBanksByYearAndBank('2020', '2')
 3 SYSTEMPATH\CodeIgniter.php(934): App\Controllers\GrafikController->getData('2020', '2')
 4 SYSTEMPATH\CodeIgniter.php(499): CodeIgniter\CodeIgniter->runController(Object(App\Controllers\GrafikController))
 5 SYSTEMPATH\CodeIgniter.php(368): CodeIgniter\CodeIgniter->handleRequest(null, Object(Config\Cache), false)
 6 FCPATH\index.php(67): CodeIgniter\CodeIgniter->run()
 7 SYSTEMPATH\Commands\Server\rewrite.php(47): require_once('C:\\xampp\\htdocs\\data_warehouse\\public\\index.php')
CRITICAL - 2023-07-29 09:02:10 --> Call to undefined method App\Models\Fact_NasabahModel::getTopBanksByYearAndBank
in SYSTEMPATH\Model.php on line 842.
 1 APPPATH\Controllers\GrafikController.php(69): CodeIgniter\Model->__call('getTopBanksByYearAndBank', [...])
 2 APPPATH\Controllers\GrafikController.php(50): App\Controllers\GrafikController->getTopBanksByYearAndBank('2020', '2')
 3 SYSTEMPATH\CodeIgniter.php(934): App\Controllers\GrafikController->getData('2020', '2')
 4 SYSTEMPATH\CodeIgniter.php(499): CodeIgniter\CodeIgniter->runController(Object(App\Controllers\GrafikController))
 5 SYSTEMPATH\CodeIgniter.php(368): CodeIgniter\CodeIgniter->handleRequest(null, Object(Config\Cache), false)
 6 FCPATH\index.php(67): CodeIgniter\CodeIgniter->run()
 7 SYSTEMPATH\Commands\Server\rewrite.php(47): require_once('C:\\xampp\\htdocs\\data_warehouse\\public\\index.php')
CRITICAL - 2023-07-29 09:02:40 --> Call to undefined method App\Models\Fact_NasabahModel::getTopBanksByYearAndBank
in SYSTEMPATH\Model.php on line 842.
 1 APPPATH\Controllers\GrafikController.php(69): CodeIgniter\Model->__call('getTopBanksByYearAndBank', [...])
 2 APPPATH\Controllers\GrafikController.php(50): App\Controllers\GrafikController->getTopBanksByYearAndBank('2019', '2')
 3 SYSTEMPATH\CodeIgniter.php(934): App\Controllers\GrafikController->getData('2019', '2')
 4 SYSTEMPATH\CodeIgniter.php(499): CodeIgniter\CodeIgniter->runController(Object(App\Controllers\GrafikController))
 5 SYSTEMPATH\CodeIgniter.php(368): CodeIgniter\CodeIgniter->handleRequest(null, Object(Config\Cache), false)
 6 FCPATH\index.php(67): CodeIgniter\CodeIgniter->run()
 7 SYSTEMPATH\Commands\Server\rewrite.php(47): require_once('C:\\xampp\\htdocs\\data_warehouse\\public\\index.php')
CRITICAL - 2023-07-29 09:02:40 --> Call to undefined method App\Models\Fact_NasabahModel::getTopBanksByYearAndBank
in SYSTEMPATH\Model.php on line 842.
 1 APPPATH\Controllers\GrafikController.php(69): CodeIgniter\Model->__call('getTopBanksByYearAndBank', [...])
 2 APPPATH\Controllers\GrafikController.php(50): App\Controllers\GrafikController->getTopBanksByYearAndBank('2019', '2')
 3 SYSTEMPATH\CodeIgniter.php(934): App\Controllers\GrafikController->getData('2019', '2')
 4 SYSTEMPATH\CodeIgniter.php(499): CodeIgniter\CodeIgniter->runController(Object(App\Controllers\GrafikController))
 5 SYSTEMPATH\CodeIgniter.php(368): CodeIgniter\CodeIgniter->handleRequest(null, Object(Config\Cache), false)
 6 FCPATH\index.php(67): CodeIgniter\CodeIgniter->run()
 7 SYSTEMPATH\Commands\Server\rewrite.php(47): require_once('C:\\xampp\\htdocs\\data_warehouse\\public\\index.php')
CRITICAL - 2023-07-29 09:02:41 --> Call to undefined method App\Models\Fact_NasabahModel::getTopBanksByYearAndBank
in SYSTEMPATH\Model.php on line 842.
 1 APPPATH\Controllers\GrafikController.php(69): CodeIgniter\Model->__call('getTopBanksByYearAndBank', [...])
 2 APPPATH\Controllers\GrafikController.php(50): App\Controllers\GrafikController->getTopBanksByYearAndBank('2019', '2')
 3 SYSTEMPATH\CodeIgniter.php(934): App\Controllers\GrafikController->getData('2019', '2')
 4 SYSTEMPATH\CodeIgniter.php(499): CodeIgniter\CodeIgniter->runController(Object(App\Controllers\GrafikController))
 5 SYSTEMPATH\CodeIgniter.php(368): CodeIgniter\CodeIgniter->handleRequest(null, Object(Config\Cache), false)
 6 FCPATH\index.php(67): CodeIgniter\CodeIgniter->run()
 7 SYSTEMPATH\Commands\Server\rewrite.php(47): require_once('C:\\xampp\\htdocs\\data_warehouse\\public\\index.php')
CRITICAL - 2023-07-29 09:02:41 --> Call to undefined method App\Models\Fact_NasabahModel::getTopBanksByYearAndBank
in SYSTEMPATH\Model.php on line 842.
 1 APPPATH\Controllers\GrafikController.php(69): CodeIgniter\Model->__call('getTopBanksByYearAndBank', [...])
 2 APPPATH\Controllers\GrafikController.php(50): App\Controllers\GrafikController->getTopBanksByYearAndBank('2019', '2')
 3 SYSTEMPATH\CodeIgniter.php(934): App\Controllers\GrafikController->getData('2019', '2')
 4 SYSTEMPATH\CodeIgniter.php(499): CodeIgniter\CodeIgniter->runController(Object(App\Controllers\GrafikController))
 5 SYSTEMPATH\CodeIgniter.php(368): CodeIgniter\CodeIgniter->handleRequest(null, Object(Config\Cache), false)
 6 FCPATH\index.php(67): CodeIgniter\CodeIgniter->run()
 7 SYSTEMPATH\Commands\Server\rewrite.php(47): require_once('C:\\xampp\\htdocs\\data_warehouse\\public\\index.php')
CRITICAL - 2023-07-29 09:02:41 --> Call to undefined method App\Models\Fact_NasabahModel::getTopBanksByYearAndBank
in SYSTEMPATH\Model.php on line 842.
 1 APPPATH\Controllers\GrafikController.php(69): CodeIgniter\Model->__call('getTopBanksByYearAndBank', [...])
 2 APPPATH\Controllers\GrafikController.php(50): App\Controllers\GrafikController->getTopBanksByYearAndBank('2019', '2')
 3 SYSTEMPATH\CodeIgniter.php(934): App\Controllers\GrafikController->getData('2019', '2')
 4 SYSTEMPATH\CodeIgniter.php(499): CodeIgniter\CodeIgniter->runController(Object(App\Controllers\GrafikController))
 5 SYSTEMPATH\CodeIgniter.php(368): CodeIgniter\CodeIgniter->handleRequest(null, Object(Config\Cache), false)
 6 FCPATH\index.php(67): CodeIgniter\CodeIgniter->run()
 7 SYSTEMPATH\Commands\Server\rewrite.php(47): require_once('C:\\xampp\\htdocs\\data_warehouse\\public\\index.php')
CRITICAL - 2023-07-29 09:02:49 --> Call to undefined method App\Models\Fact_NasabahModel::getTopBanksByYearAndBank
in SYSTEMPATH\Model.php on line 842.
 1 APPPATH\Controllers\GrafikController.php(69): CodeIgniter\Model->__call('getTopBanksByYearAndBank', [...])
 2 APPPATH\Controllers\GrafikController.php(50): App\Controllers\GrafikController->getTopBanksByYearAndBank('2020', '2')
 3 SYSTEMPATH\CodeIgniter.php(934): App\Controllers\GrafikController->getData('2020', '2')
 4 SYSTEMPATH\CodeIgniter.php(499): CodeIgniter\CodeIgniter->runController(Object(App\Controllers\GrafikController))
 5 SYSTEMPATH\CodeIgniter.php(368): CodeIgniter\CodeIgniter->handleRequest(null, Object(Config\Cache), false)
 6 FCPATH\index.php(67): CodeIgniter\CodeIgniter->run()
 7 SYSTEMPATH\Commands\Server\rewrite.php(47): require_once('C:\\xampp\\htdocs\\data_warehouse\\public\\index.php')
CRITICAL - 2023-07-29 09:02:49 --> Call to undefined method App\Models\Fact_NasabahModel::getTopBanksByYearAndBank
in SYSTEMPATH\Model.php on line 842.
 1 APPPATH\Controllers\GrafikController.php(69): CodeIgniter\Model->__call('getTopBanksByYearAndBank', [...])
 2 APPPATH\Controllers\GrafikController.php(50): App\Controllers\GrafikController->getTopBanksByYearAndBank('2020', '2')
 3 SYSTEMPATH\CodeIgniter.php(934): App\Controllers\GrafikController->getData('2020', '2')
 4 SYSTEMPATH\CodeIgniter.php(499): CodeIgniter\CodeIgniter->runController(Object(App\Controllers\GrafikController))
 5 SYSTEMPATH\CodeIgniter.php(368): CodeIgniter\CodeIgniter->handleRequest(null, Object(Config\Cache), false)
 6 FCPATH\index.php(67): CodeIgniter\CodeIgniter->run()
 7 SYSTEMPATH\Commands\Server\rewrite.php(47): require_once('C:\\xampp\\htdocs\\data_warehouse\\public\\index.php')
CRITICAL - 2023-07-29 09:08:25 --> Call to undefined method App\Models\Fact_NasabahModel::getTopBanksByYearAndBank
in SYSTEMPATH\Model.php on line 842.
 1 APPPATH\Controllers\GrafikController.php(69): CodeIgniter\Model->__call('getTopBanksByYearAndBank', [...])
 2 APPPATH\Controllers\GrafikController.php(50): App\Controllers\GrafikController->getTopBanksByYearAndBank('2020', '2')
 3 SYSTEMPATH\CodeIgniter.php(934): App\Controllers\GrafikController->getData('2020', '2')
 4 SYSTEMPATH\CodeIgniter.php(499): CodeIgniter\CodeIgniter->runController(Object(App\Controllers\GrafikController))
 5 SYSTEMPATH\CodeIgniter.php(368): CodeIgniter\CodeIgniter->handleRequest(null, Object(Config\Cache), false)
 6 FCPATH\index.php(67): CodeIgniter\CodeIgniter->run()
 7 SYSTEMPATH\Commands\Server\rewrite.php(47): require_once('C:\\xampp\\htdocs\\data_warehouse\\public\\index.php')
CRITICAL - 2023-07-29 09:08:25 --> Call to undefined method App\Models\Fact_NasabahModel::getTopBanksByYearAndBank
in SYSTEMPATH\Model.php on line 842.
 1 APPPATH\Controllers\GrafikController.php(69): CodeIgniter\Model->__call('getTopBanksByYearAndBank', [...])
 2 APPPATH\Controllers\GrafikController.php(50): App\Controllers\GrafikController->getTopBanksByYearAndBank('2020', '2')
 3 SYSTEMPATH\CodeIgniter.php(934): App\Controllers\GrafikController->getData('2020', '2')
 4 SYSTEMPATH\CodeIgniter.php(499): CodeIgniter\CodeIgniter->runController(Object(App\Controllers\GrafikController))
 5 SYSTEMPATH\CodeIgniter.php(368): CodeIgniter\CodeIgniter->handleRequest(null, Object(Config\Cache), false)
 6 FCPATH\index.php(67): CodeIgniter\CodeIgniter->run()
 7 SYSTEMPATH\Commands\Server\rewrite.php(47): require_once('C:\\xampp\\htdocs\\data_warehouse\\public\\index.php')
CRITICAL - 2023-07-29 09:08:25 --> Call to undefined method App\Models\Fact_NasabahModel::getTopBanksByYearAndBank
in SYSTEMPATH\Model.php on line 842.
 1 APPPATH\Controllers\GrafikController.php(69): CodeIgniter\Model->__call('getTopBanksByYearAndBank', [...])
 2 APPPATH\Controllers\GrafikController.php(50): App\Controllers\GrafikController->getTopBanksByYearAndBank('2020', '2')
 3 SYSTEMPATH\CodeIgniter.php(934): App\Controllers\GrafikController->getData('2020', '2')
 4 SYSTEMPATH\CodeIgniter.php(499): CodeIgniter\CodeIgniter->runController(Object(App\Controllers\GrafikController))
 5 SYSTEMPATH\CodeIgniter.php(368): CodeIgniter\CodeIgniter->handleRequest(null, Object(Config\Cache), false)
 6 FCPATH\index.php(67): CodeIgniter\CodeIgniter->run()
 7 SYSTEMPATH\Commands\Server\rewrite.php(47): require_once('C:\\xampp\\htdocs\\data_warehouse\\public\\index.php')
CRITICAL - 2023-07-29 09:08:26 --> Call to undefined method App\Models\Fact_NasabahModel::getTopBanksByYearAndBank
in SYSTEMPATH\Model.php on line 842.
 1 APPPATH\Controllers\GrafikController.php(69): CodeIgniter\Model->__call('getTopBanksByYearAndBank', [...])
 2 APPPATH\Controllers\GrafikController.php(50): App\Controllers\GrafikController->getTopBanksByYearAndBank('2020', '2')
 3 SYSTEMPATH\CodeIgniter.php(934): App\Controllers\GrafikController->getData('2020', '2')
 4 SYSTEMPATH\CodeIgniter.php(499): CodeIgniter\CodeIgniter->runController(Object(App\Controllers\GrafikController))
 5 SYSTEMPATH\CodeIgniter.php(368): CodeIgniter\CodeIgniter->handleRequest(null, Object(Config\Cache), false)
 6 FCPATH\index.php(67): CodeIgniter\CodeIgniter->run()
 7 SYSTEMPATH\Commands\Server\rewrite.php(47): require_once('C:\\xampp\\htdocs\\data_warehouse\\public\\index.php')
CRITICAL - 2023-07-29 09:08:26 --> Call to undefined method App\Models\Fact_NasabahModel::getTopBanksByYearAndBank
in SYSTEMPATH\Model.php on line 842.
 1 APPPATH\Controllers\GrafikController.php(69): CodeIgniter\Model->__call('getTopBanksByYearAndBank', [...])
 2 APPPATH\Controllers\GrafikController.php(50): App\Controllers\GrafikController->getTopBanksByYearAndBank('2020', '2')
 3 SYSTEMPATH\CodeIgniter.php(934): App\Controllers\GrafikController->getData('2020', '2')
 4 SYSTEMPATH\CodeIgniter.php(499): CodeIgniter\CodeIgniter->runController(Object(App\Controllers\GrafikController))
 5 SYSTEMPATH\CodeIgniter.php(368): CodeIgniter\CodeIgniter->handleRequest(null, Object(Config\Cache), false)
 6 FCPATH\index.php(67): CodeIgniter\CodeIgniter->run()
 7 SYSTEMPATH\Commands\Server\rewrite.php(47): require_once('C:\\xampp\\htdocs\\data_warehouse\\public\\index.php')
CRITICAL - 2023-07-29 09:08:26 --> Call to undefined method App\Models\Fact_NasabahModel::getTopBanksByYearAndBank
in SYSTEMPATH\Model.php on line 842.
 1 APPPATH\Controllers\GrafikController.php(69): CodeIgniter\Model->__call('getTopBanksByYearAndBank', [...])
 2 APPPATH\Controllers\GrafikController.php(50): App\Controllers\GrafikController->getTopBanksByYearAndBank('2020', '2')
 3 SYSTEMPATH\CodeIgniter.php(934): App\Controllers\GrafikController->getData('2020', '2')
 4 SYSTEMPATH\CodeIgniter.php(499): CodeIgniter\CodeIgniter->runController(Object(App\Controllers\GrafikController))
 5 SYSTEMPATH\CodeIgniter.php(368): CodeIgniter\CodeIgniter->handleRequest(null, Object(Config\Cache), false)
 6 FCPATH\index.php(67): CodeIgniter\CodeIgniter->run()
 7 SYSTEMPATH\Commands\Server\rewrite.php(47): require_once('C:\\xampp\\htdocs\\data_warehouse\\public\\index.php')
CRITICAL - 2023-07-29 09:08:27 --> Call to undefined method App\Models\Fact_NasabahModel::getTopBanksByYearAndBank
in SYSTEMPATH\Model.php on line 842.
 1 APPPATH\Controllers\GrafikController.php(69): CodeIgniter\Model->__call('getTopBanksByYearAndBank', [...])
 2 APPPATH\Controllers\GrafikController.php(50): App\Controllers\GrafikController->getTopBanksByYearAndBank('2020', '2')
 3 SYSTEMPATH\CodeIgniter.php(934): App\Controllers\GrafikController->getData('2020', '2')
 4 SYSTEMPATH\CodeIgniter.php(499): CodeIgniter\CodeIgniter->runController(Object(App\Controllers\GrafikController))
 5 SYSTEMPATH\CodeIgniter.php(368): CodeIgniter\CodeIgniter->handleRequest(null, Object(Config\Cache), false)
 6 FCPATH\index.php(67): CodeIgniter\CodeIgniter->run()
 7 SYSTEMPATH\Commands\Server\rewrite.php(47): require_once('C:\\xampp\\htdocs\\data_warehouse\\public\\index.php')
CRITICAL - 2023-07-29 09:08:28 --> Call to undefined method App\Models\Fact_NasabahModel::getTopBanksByYearAndBank
in SYSTEMPATH\Model.php on line 842.
 1 APPPATH\Controllers\GrafikController.php(69): CodeIgniter\Model->__call('getTopBanksByYearAndBank', [...])
 2 APPPATH\Controllers\GrafikController.php(50): App\Controllers\GrafikController->getTopBanksByYearAndBank('2020', '2')
 3 SYSTEMPATH\CodeIgniter.php(934): App\Controllers\GrafikController->getData('2020', '2')
 4 SYSTEMPATH\CodeIgniter.php(499): CodeIgniter\CodeIgniter->runController(Object(App\Controllers\GrafikController))
 5 SYSTEMPATH\CodeIgniter.php(368): CodeIgniter\CodeIgniter->handleRequest(null, Object(Config\Cache), false)
 6 FCPATH\index.php(67): CodeIgniter\CodeIgniter->run()
 7 SYSTEMPATH\Commands\Server\rewrite.php(47): require_once('C:\\xampp\\htdocs\\data_warehouse\\public\\index.php')
CRITICAL - 2023-07-29 09:08:28 --> Call to undefined method App\Models\Fact_NasabahModel::getTopBanksByYearAndBank
in SYSTEMPATH\Model.php on line 842.
 1 APPPATH\Controllers\GrafikController.php(69): CodeIgniter\Model->__call('getTopBanksByYearAndBank', [...])
 2 APPPATH\Controllers\GrafikController.php(50): App\Controllers\GrafikController->getTopBanksByYearAndBank('2020', '2')
 3 SYSTEMPATH\CodeIgniter.php(934): App\Controllers\GrafikController->getData('2020', '2')
 4 SYSTEMPATH\CodeIgniter.php(499): CodeIgniter\CodeIgniter->runController(Object(App\Controllers\GrafikController))
 5 SYSTEMPATH\CodeIgniter.php(368): CodeIgniter\CodeIgniter->handleRequest(null, Object(Config\Cache), false)
 6 FCPATH\index.php(67): CodeIgniter\CodeIgniter->run()
 7 SYSTEMPATH\Commands\Server\rewrite.php(47): require_once('C:\\xampp\\htdocs\\data_warehouse\\public\\index.php')
CRITICAL - 2023-07-29 09:08:28 --> Call to undefined method App\Models\Fact_NasabahModel::getTopBanksByYearAndBank
in SYSTEMPATH\Model.php on line 842.
 1 APPPATH\Controllers\GrafikController.php(69): CodeIgniter\Model->__call('getTopBanksByYearAndBank', [...])
 2 APPPATH\Controllers\GrafikController.php(50): App\Controllers\GrafikController->getTopBanksByYearAndBank('2020', '2')
 3 SYSTEMPATH\CodeIgniter.php(934): App\Controllers\GrafikController->getData('2020', '2')
 4 SYSTEMPATH\CodeIgniter.php(499): CodeIgniter\CodeIgniter->runController(Object(App\Controllers\GrafikController))
 5 SYSTEMPATH\CodeIgniter.php(368): CodeIgniter\CodeIgniter->handleRequest(null, Object(Config\Cache), false)
 6 FCPATH\index.php(67): CodeIgniter\CodeIgniter->run()
 7 SYSTEMPATH\Commands\Server\rewrite.php(47): require_once('C:\\xampp\\htdocs\\data_warehouse\\public\\index.php')
CRITICAL - 2023-07-29 09:08:28 --> Call to undefined method App\Models\Fact_NasabahModel::getTopBanksByYearAndBank
in SYSTEMPATH\Model.php on line 842.
 1 APPPATH\Controllers\GrafikController.php(69): CodeIgniter\Model->__call('getTopBanksByYearAndBank', [...])
 2 APPPATH\Controllers\GrafikController.php(50): App\Controllers\GrafikController->getTopBanksByYearAndBank('2020', '2')
 3 SYSTEMPATH\CodeIgniter.php(934): App\Controllers\GrafikController->getData('2020', '2')
 4 SYSTEMPATH\CodeIgniter.php(499): CodeIgniter\CodeIgniter->runController(Object(App\Controllers\GrafikController))
 5 SYSTEMPATH\CodeIgniter.php(368): CodeIgniter\CodeIgniter->handleRequest(null, Object(Config\Cache), false)
 6 FCPATH\index.php(67): CodeIgniter\CodeIgniter->run()
 7 SYSTEMPATH\Commands\Server\rewrite.php(47): require_once('C:\\xampp\\htdocs\\data_warehouse\\public\\index.php')
CRITICAL - 2023-07-29 09:08:28 --> Call to undefined method App\Models\Fact_NasabahModel::getTopBanksByYearAndBank
in SYSTEMPATH\Model.php on line 842.
 1 APPPATH\Controllers\GrafikController.php(69): CodeIgniter\Model->__call('getTopBanksByYearAndBank', [...])
 2 APPPATH\Controllers\GrafikController.php(50): App\Controllers\GrafikController->getTopBanksByYearAndBank('2020', '2')
 3 SYSTEMPATH\CodeIgniter.php(934): App\Controllers\GrafikController->getData('2020', '2')
 4 SYSTEMPATH\CodeIgniter.php(499): CodeIgniter\CodeIgniter->runController(Object(App\Controllers\GrafikController))
 5 SYSTEMPATH\CodeIgniter.php(368): CodeIgniter\CodeIgniter->handleRequest(null, Object(Config\Cache), false)
 6 FCPATH\index.php(67): CodeIgniter\CodeIgniter->run()
 7 SYSTEMPATH\Commands\Server\rewrite.php(47): require_once('C:\\xampp\\htdocs\\data_warehouse\\public\\index.php')
ERROR - 2023-07-29 10:19:09 --> mysqli_sql_exception: Unknown column 'fact_nasabah.waktu' in 'where clause' in C:\xampp\htdocs\data_warehouse\system\Database\MySQLi\Connection.php:295
Stack trace:
#0 C:\xampp\htdocs\data_warehouse\system\Database\MySQLi\Connection.php(295): mysqli->query('SELECT dim_bank...', 0)
#1 C:\xampp\htdocs\data_warehouse\system\Database\BaseConnection.php(692): CodeIgniter\Database\MySQLi\Connection->execute('SELECT dim_bank...')
#2 C:\xampp\htdocs\data_warehouse\system\Database\BaseConnection.php(606): CodeIgniter\Database\BaseConnection->simpleQuery('SELECT dim_bank...')
#3 C:\xampp\htdocs\data_warehouse\app\Models\BankModel.php(69): CodeIgniter\Database\BaseConnection->query('SELECT dim_bank...', Array)
#4 C:\xampp\htdocs\data_warehouse\app\Controllers\BankController.php(33): App\Models\BankModel->getTopBanksByYearAndBank('2019', '1')
#5 C:\xampp\htdocs\data_warehouse\system\CodeIgniter.php(934): App\Controllers\BankController->getData('2019', '1')
#6 C:\xampp\htdocs\data_warehouse\system\CodeIgniter.php(499): CodeIgniter\CodeIgniter->runController(Object(App\Controllers\BankController))
#7 C:\xampp\htdocs\data_warehouse\system\CodeIgniter.php(368): CodeIgniter\CodeIgniter->handleRequest(NULL, Object(Config\Cache), false)
#8 C:\xampp\htdocs\data_warehouse\public\index.php(67): CodeIgniter\CodeIgniter->run()
#9 C:\xampp\htdocs\data_warehouse\system\Commands\Server\rewrite.php(47): require_once('C:\\xampp\\htdocs...')
#10 {main}
CRITICAL - 2023-07-29 10:19:09 --> Unknown column 'fact_nasabah.waktu' in 'where clause'
in SYSTEMPATH\Database\MySQLi\Connection.php on line 295.
 1 SYSTEMPATH\Database\MySQLi\Connection.php(295): mysqli->query('SELECT dim_bank.bank, SUM(fact_nasabah.jumlah_nasabah) AS total_nasabah FROM fact_nasabah 
            JOIN dim_bank ON fact_nasabah.id_bank = dim_bank.id_bank 
            WHERE fact_nasabah.waktu = 2019 AND fact_nasabah.id_bank = 1
            GROUP BY dim_bank.bank
            ORDER BY total_nasabah DESC
            LIMIT 5', 0)
 2 SYSTEMPATH\Database\BaseConnection.php(692): CodeIgniter\Database\MySQLi\Connection->execute('SELECT dim_bank.bank, SUM(fact_nasabah.jumlah_nasabah) AS total_nasabah FROM fact_nasabah 
            JOIN dim_bank ON fact_nasabah.id_bank = dim_bank.id_bank 
            WHERE fact_nasabah.waktu = 2019 AND fact_nasabah.id_bank = 1
            GROUP BY dim_bank.bank
            ORDER BY total_nasabah DESC
            LIMIT 5')
 3 SYSTEMPATH\Database\BaseConnection.php(606): CodeIgniter\Database\BaseConnection->simpleQuery('SELECT dim_bank.bank, SUM(fact_nasabah.jumlah_nasabah) AS total_nasabah FROM fact_nasabah 
            JOIN dim_bank ON fact_nasabah.id_bank = dim_bank.id_bank 
            WHERE fact_nasabah.waktu = 2019 AND fact_nasabah.id_bank = 1
            GROUP BY dim_bank.bank
            ORDER BY total_nasabah DESC
            LIMIT 5')
 4 APPPATH\Models\BankModel.php(69): CodeIgniter\Database\BaseConnection->query('SELECT dim_bank.bank, SUM(fact_nasabah.jumlah_nasabah) AS total_nasabah FROM fact_nasabah 
            JOIN dim_bank ON fact_nasabah.id_bank = dim_bank.id_bank 
            WHERE fact_nasabah.waktu = 2019 AND fact_nasabah.id_bank = 1
            GROUP BY dim_bank.bank
            ORDER BY total_nasabah DESC
            LIMIT 5', [...])
 5 APPPATH\Controllers\BankController.php(33): App\Models\BankModel->getTopBanksByYearAndBank('2019', '1')
 6 SYSTEMPATH\CodeIgniter.php(934): App\Controllers\BankController->getData('2019', '1')
 7 SYSTEMPATH\CodeIgniter.php(499): CodeIgniter\CodeIgniter->runController(Object(App\Controllers\BankController))
 8 SYSTEMPATH\CodeIgniter.php(368): CodeIgniter\CodeIgniter->handleRequest(null, Object(Config\Cache), false)
 9 FCPATH\index.php(67): CodeIgniter\CodeIgniter->run()
10 SYSTEMPATH\Commands\Server\rewrite.php(47): require_once('C:\\xampp\\htdocs\\data_warehouse\\public\\index.php')
ERROR - 2023-07-29 10:19:10 --> mysqli_sql_exception: Unknown column 'fact_nasabah.waktu' in 'where clause' in C:\xampp\htdocs\data_warehouse\system\Database\MySQLi\Connection.php:295
Stack trace:
#0 C:\xampp\htdocs\data_warehouse\system\Database\MySQLi\Connection.php(295): mysqli->query('SELECT dim_bank...', 0)
#1 C:\xampp\htdocs\data_warehouse\system\Database\BaseConnection.php(692): CodeIgniter\Database\MySQLi\Connection->execute('SELECT dim_bank...')
#2 C:\xampp\htdocs\data_warehouse\system\Database\BaseConnection.php(606): CodeIgniter\Database\BaseConnection->simpleQuery('SELECT dim_bank...')
#3 C:\xampp\htdocs\data_warehouse\app\Models\BankModel.php(69): CodeIgniter\Database\BaseConnection->query('SELECT dim_bank...', Array)
#4 C:\xampp\htdocs\data_warehouse\app\Controllers\BankController.php(33): App\Models\BankModel->getTopBanksByYearAndBank('2019', '1')
#5 C:\xampp\htdocs\data_warehouse\system\CodeIgniter.php(934): App\Controllers\BankController->getData('2019', '1')
#6 C:\xampp\htdocs\data_warehouse\system\CodeIgniter.php(499): CodeIgniter\CodeIgniter->runController(Object(App\Controllers\BankController))
#7 C:\xampp\htdocs\data_warehouse\system\CodeIgniter.php(368): CodeIgniter\CodeIgniter->handleRequest(NULL, Object(Config\Cache), false)
#8 C:\xampp\htdocs\data_warehouse\public\index.php(67): CodeIgniter\CodeIgniter->run()
#9 C:\xampp\htdocs\data_warehouse\system\Commands\Server\rewrite.php(47): require_once('C:\\xampp\\htdocs...')
#10 {main}
CRITICAL - 2023-07-29 10:19:10 --> Unknown column 'fact_nasabah.waktu' in 'where clause'
in SYSTEMPATH\Database\MySQLi\Connection.php on line 295.
 1 SYSTEMPATH\Database\MySQLi\Connection.php(295): mysqli->query('SELECT dim_bank.bank, SUM(fact_nasabah.jumlah_nasabah) AS total_nasabah FROM fact_nasabah 
            JOIN dim_bank ON fact_nasabah.id_bank = dim_bank.id_bank 
            WHERE fact_nasabah.waktu = 2019 AND fact_nasabah.id_bank = 1
            GROUP BY dim_bank.bank
            ORDER BY total_nasabah DESC
            LIMIT 5', 0)
 2 SYSTEMPATH\Database\BaseConnection.php(692): CodeIgniter\Database\MySQLi\Connection->execute('SELECT dim_bank.bank, SUM(fact_nasabah.jumlah_nasabah) AS total_nasabah FROM fact_nasabah 
            JOIN dim_bank ON fact_nasabah.id_bank = dim_bank.id_bank 
            WHERE fact_nasabah.waktu = 2019 AND fact_nasabah.id_bank = 1
            GROUP BY dim_bank.bank
            ORDER BY total_nasabah DESC
            LIMIT 5')
 3 SYSTEMPATH\Database\BaseConnection.php(606): CodeIgniter\Database\BaseConnection->simpleQuery('SELECT dim_bank.bank, SUM(fact_nasabah.jumlah_nasabah) AS total_nasabah FROM fact_nasabah 
            JOIN dim_bank ON fact_nasabah.id_bank = dim_bank.id_bank 
            WHERE fact_nasabah.waktu = 2019 AND fact_nasabah.id_bank = 1
            GROUP BY dim_bank.bank
            ORDER BY total_nasabah DESC
            LIMIT 5')
 4 APPPATH\Models\BankModel.php(69): CodeIgniter\Database\BaseConnection->query('SELECT dim_bank.bank, SUM(fact_nasabah.jumlah_nasabah) AS total_nasabah FROM fact_nasabah 
            JOIN dim_bank ON fact_nasabah.id_bank = dim_bank.id_bank 
            WHERE fact_nasabah.waktu = 2019 AND fact_nasabah.id_bank = 1
            GROUP BY dim_bank.bank
            ORDER BY total_nasabah DESC
            LIMIT 5', [...])
 5 APPPATH\Controllers\BankController.php(33): App\Models\BankModel->getTopBanksByYearAndBank('2019', '1')
 6 SYSTEMPATH\CodeIgniter.php(934): App\Controllers\BankController->getData('2019', '1')
 7 SYSTEMPATH\CodeIgniter.php(499): CodeIgniter\CodeIgniter->runController(Object(App\Controllers\BankController))
 8 SYSTEMPATH\CodeIgniter.php(368): CodeIgniter\CodeIgniter->handleRequest(null, Object(Config\Cache), false)
 9 FCPATH\index.php(67): CodeIgniter\CodeIgniter->run()
10 SYSTEMPATH\Commands\Server\rewrite.php(47): require_once('C:\\xampp\\htdocs\\data_warehouse\\public\\index.php')
ERROR - 2023-07-29 10:19:22 --> mysqli_sql_exception: Unknown column 'fact_nasabah.waktu' in 'where clause' in C:\xampp\htdocs\data_warehouse\system\Database\MySQLi\Connection.php:295
Stack trace:
#0 C:\xampp\htdocs\data_warehouse\system\Database\MySQLi\Connection.php(295): mysqli->query('SELECT dim_bank...', 0)
#1 C:\xampp\htdocs\data_warehouse\system\Database\BaseConnection.php(692): CodeIgniter\Database\MySQLi\Connection->execute('SELECT dim_bank...')
#2 C:\xampp\htdocs\data_warehouse\system\Database\BaseConnection.php(606): CodeIgniter\Database\BaseConnection->simpleQuery('SELECT dim_bank...')
#3 C:\xampp\htdocs\data_warehouse\app\Models\BankModel.php(69): CodeIgniter\Database\BaseConnection->query('SELECT dim_bank...', Array)
#4 C:\xampp\htdocs\data_warehouse\app\Controllers\BankController.php(33): App\Models\BankModel->getTopBanksByYearAndBank('2019', '1')
#5 C:\xampp\htdocs\data_warehouse\system\CodeIgniter.php(934): App\Controllers\BankController->getData('2019', '1')
#6 C:\xampp\htdocs\data_warehouse\system\CodeIgniter.php(499): CodeIgniter\CodeIgniter->runController(Object(App\Controllers\BankController))
#7 C:\xampp\htdocs\data_warehouse\system\CodeIgniter.php(368): CodeIgniter\CodeIgniter->handleRequest(NULL, Object(Config\Cache), false)
#8 C:\xampp\htdocs\data_warehouse\public\index.php(67): CodeIgniter\CodeIgniter->run()
#9 C:\xampp\htdocs\data_warehouse\system\Commands\Server\rewrite.php(47): require_once('C:\\xampp\\htdocs...')
#10 {main}
CRITICAL - 2023-07-29 10:19:22 --> Unknown column 'fact_nasabah.waktu' in 'where clause'
in SYSTEMPATH\Database\MySQLi\Connection.php on line 295.
 1 SYSTEMPATH\Database\MySQLi\Connection.php(295): mysqli->query('SELECT dim_bank.bank, SUM(fact_nasabah.jumlah_nasabah) AS total_nasabah FROM fact_nasabah 
            JOIN dim_bank ON fact_nasabah.id_bank = dim_bank.id_bank 
            WHERE fact_nasabah.waktu = \'2019\' AND fact_nasabah.id_bank = \'1\'
            GROUP BY dim_bank.bank
            ORDER BY total_nasabah DESC
            LIMIT 5', 0)
 2 SYSTEMPATH\Database\BaseConnection.php(692): CodeIgniter\Database\MySQLi\Connection->execute('SELECT dim_bank.bank, SUM(fact_nasabah.jumlah_nasabah) AS total_nasabah FROM fact_nasabah 
            JOIN dim_bank ON fact_nasabah.id_bank = dim_bank.id_bank 
            WHERE fact_nasabah.waktu = \'2019\' AND fact_nasabah.id_bank = \'1\'
            GROUP BY dim_bank.bank
            ORDER BY total_nasabah DESC
            LIMIT 5')
 3 SYSTEMPATH\Database\BaseConnection.php(606): CodeIgniter\Database\BaseConnection->simpleQuery('SELECT dim_bank.bank, SUM(fact_nasabah.jumlah_nasabah) AS total_nasabah FROM fact_nasabah 
            JOIN dim_bank ON fact_nasabah.id_bank = dim_bank.id_bank 
            WHERE fact_nasabah.waktu = \'2019\' AND fact_nasabah.id_bank = \'1\'
            GROUP BY dim_bank.bank
            ORDER BY total_nasabah DESC
            LIMIT 5')
 4 APPPATH\Models\BankModel.php(69): CodeIgniter\Database\BaseConnection->query('SELECT dim_bank.bank, SUM(fact_nasabah.jumlah_nasabah) AS total_nasabah FROM fact_nasabah 
            JOIN dim_bank ON fact_nasabah.id_bank = dim_bank.id_bank 
            WHERE fact_nasabah.waktu = ? AND fact_nasabah.id_bank = ?
            GROUP BY dim_bank.bank
            ORDER BY total_nasabah DESC
            LIMIT 5', [...])
 5 APPPATH\Controllers\BankController.php(33): App\Models\BankModel->getTopBanksByYearAndBank('2019', '1')
 6 SYSTEMPATH\CodeIgniter.php(934): App\Controllers\BankController->getData('2019', '1')
 7 SYSTEMPATH\CodeIgniter.php(499): CodeIgniter\CodeIgniter->runController(Object(App\Controllers\BankController))
 8 SYSTEMPATH\CodeIgniter.php(368): CodeIgniter\CodeIgniter->handleRequest(null, Object(Config\Cache), false)
 9 FCPATH\index.php(67): CodeIgniter\CodeIgniter->run()
10 SYSTEMPATH\Commands\Server\rewrite.php(47): require_once('C:\\xampp\\htdocs\\data_warehouse\\public\\index.php')
CRITICAL - 2023-07-29 13:18:26 --> syntax error, unexpected '}', expecting end of file
in APPPATH\Controllers\BankController.php on line 41.
 1 SYSTEMPATH\Autoloader\Autoloader.php(289): CodeIgniter\Autoloader\Autoloader->includeFile('C:\\xampp\\htdocs\\data_warehouse\\app\\Controllers\\BankController.php')
 2 SYSTEMPATH\Autoloader\Autoloader.php(267): CodeIgniter\Autoloader\Autoloader->loadInNamespace('App\\Controllers\\BankController')
 3 [internal function]: CodeIgniter\Autoloader\Autoloader->loadClass('App\\Controllers\\BankController')
 4 [internal function]: spl_autoload_call('App\\Controllers\\BankController')
 5 SYSTEMPATH\CodeIgniter.php(892): class_exists('\\App\\Controllers\\BankController', true)
 6 SYSTEMPATH\CodeIgniter.php(486): CodeIgniter\CodeIgniter->startController()
 7 SYSTEMPATH\CodeIgniter.php(368): CodeIgniter\CodeIgniter->handleRequest(null, Object(Config\Cache), false)
 8 FCPATH\index.php(67): CodeIgniter\CodeIgniter->run()
 9 SYSTEMPATH\Commands\Server\rewrite.php(47): require_once('C:\\xampp\\htdocs\\data_warehouse\\public\\index.php')
CRITICAL - 2023-07-29 14:24:27 --> Invalid argument supplied for foreach()
in APPPATH\Views\grafik\cabang.php on line 59.
 1 APPPATH\Views\grafik\cabang.php(59): CodeIgniter\Debug\Exceptions->errorHandler(2, 'Invalid argument supplied for foreach()', 'C:\\xampp\\htdocs\\data_warehouse\\app\\Views\\grafik\\cabang.php', 59, [...])
 2 SYSTEMPATH\View\View.php(213): include('C:\\xampp\\htdocs\\data_warehouse\\app\\Views\\grafik\\cabang.php')
 3 SYSTEMPATH\View\View.php(216): CodeIgniter\View\View->CodeIgniter\View\{closure}()
 4 SYSTEMPATH\Common.php(1184): CodeIgniter\View\View->render('grafik/cabang', [], true)
 5 APPPATH\Controllers\CabangController.php(26): view('grafik/cabang', [...])
 6 SYSTEMPATH\CodeIgniter.php(934): App\Controllers\CabangController->cabang()
 7 SYSTEMPATH\CodeIgniter.php(499): CodeIgniter\CodeIgniter->runController(Object(App\Controllers\CabangController))
 8 SYSTEMPATH\CodeIgniter.php(368): CodeIgniter\CodeIgniter->handleRequest(null, Object(Config\Cache), false)
 9 FCPATH\index.php(67): CodeIgniter\CodeIgniter->run()
10 SYSTEMPATH\Commands\Server\rewrite.php(47): require_once('C:\\xampp\\htdocs\\data_warehouse\\public\\index.php')
CRITICAL - 2023-07-29 14:48:14 --> You must set the database table to be used with your query.
in SYSTEMPATH\Database\BaseConnection.php on line 883.
 1 SYSTEMPATH\Model.php(642): CodeIgniter\Database\BaseConnection->table(null)
 2 SYSTEMPATH\Model.php(832): CodeIgniter\Model->builder()
 3 APPPATH\Controllers\SektorUsahaController.php(19): CodeIgniter\Model->__call('getCabangs', [])
 4 SYSTEMPATH\CodeIgniter.php(934): App\Controllers\SektorUsahaController->sektorUsaha()
 5 SYSTEMPATH\CodeIgniter.php(499): CodeIgniter\CodeIgniter->runController(Object(App\Controllers\SektorUsahaController))
 6 SYSTEMPATH\CodeIgniter.php(368): CodeIgniter\CodeIgniter->handleRequest(null, Object(Config\Cache), false)
 7 FCPATH\index.php(67): CodeIgniter\CodeIgniter->run()
 8 SYSTEMPATH\Commands\Server\rewrite.php(47): require_once('C:\\xampp\\htdocs\\data_warehouse\\public\\index.php')
CRITICAL - 2023-07-29 14:49:32 --> You must set the database table to be used with your query.
in SYSTEMPATH\Database\BaseConnection.php on line 883.
 1 SYSTEMPATH\Model.php(642): CodeIgniter\Database\BaseConnection->table(null)
 2 SYSTEMPATH\Model.php(832): CodeIgniter\Model->builder()
 3 APPPATH\Controllers\SektorUsahaController.php(19): CodeIgniter\Model->__call('getCabangs', [])
 4 SYSTEMPATH\CodeIgniter.php(934): App\Controllers\SektorUsahaController->sektorUsaha()
 5 SYSTEMPATH\CodeIgniter.php(499): CodeIgniter\CodeIgniter->runController(Object(App\Controllers\SektorUsahaController))
 6 SYSTEMPATH\CodeIgniter.php(368): CodeIgniter\CodeIgniter->handleRequest(null, Object(Config\Cache), false)
 7 FCPATH\index.php(67): CodeIgniter\CodeIgniter->run()
 8 SYSTEMPATH\Commands\Server\rewrite.php(47): require_once('C:\\xampp\\htdocs\\data_warehouse\\public\\index.php')
CRITICAL - 2023-07-29 14:50:06 --> You must set the database table to be used with your query.
in SYSTEMPATH\Database\BaseConnection.php on line 883.
 1 SYSTEMPATH\Model.php(642): CodeIgniter\Database\BaseConnection->table(null)
 2 SYSTEMPATH\Model.php(832): CodeIgniter\Model->builder()
 3 APPPATH\Controllers\SektorUsahaController.php(19): CodeIgniter\Model->__call('getCabangs', [])
 4 SYSTEMPATH\CodeIgniter.php(934): App\Controllers\SektorUsahaController->sektorUsaha()
 5 SYSTEMPATH\CodeIgniter.php(499): CodeIgniter\CodeIgniter->runController(Object(App\Controllers\SektorUsahaController))
 6 SYSTEMPATH\CodeIgniter.php(368): CodeIgniter\CodeIgniter->handleRequest(null, Object(Config\Cache), false)
 7 FCPATH\index.php(67): CodeIgniter\CodeIgniter->run()
 8 SYSTEMPATH\Commands\Server\rewrite.php(47): require_once('C:\\xampp\\htdocs\\data_warehouse\\public\\index.php')
CRITICAL - 2023-07-29 14:51:27 --> Call to undefined method App\Models\SektorUsahaModel::getCabangs
in SYSTEMPATH\Model.php on line 842.
 1 APPPATH\Controllers\SektorUsahaController.php(19): CodeIgniter\Model->__call('getCabangs', [])
 2 SYSTEMPATH\CodeIgniter.php(934): App\Controllers\SektorUsahaController->sektorUsaha()
 3 SYSTEMPATH\CodeIgniter.php(499): CodeIgniter\CodeIgniter->runController(Object(App\Controllers\SektorUsahaController))
 4 SYSTEMPATH\CodeIgniter.php(368): CodeIgniter\CodeIgniter->handleRequest(null, Object(Config\Cache), false)
 5 FCPATH\index.php(67): CodeIgniter\CodeIgniter->run()
 6 SYSTEMPATH\Commands\Server\rewrite.php(47): require_once('C:\\xampp\\htdocs\\data_warehouse\\public\\index.php')
CRITICAL - 2023-07-29 14:55:11 --> Call to undefined method App\Models\SektorUsahaModel::getCabangs
in SYSTEMPATH\Model.php on line 842.
 1 APPPATH\Controllers\SektorUsahaController.php(19): CodeIgniter\Model->__call('getCabangs', [])
 2 SYSTEMPATH\CodeIgniter.php(934): App\Controllers\SektorUsahaController->sektorUsaha()
 3 SYSTEMPATH\CodeIgniter.php(499): CodeIgniter\CodeIgniter->runController(Object(App\Controllers\SektorUsahaController))
 4 SYSTEMPATH\CodeIgniter.php(368): CodeIgniter\CodeIgniter->handleRequest(null, Object(Config\Cache), false)
 5 FCPATH\index.php(67): CodeIgniter\CodeIgniter->run()
 6 SYSTEMPATH\Commands\Server\rewrite.php(47): require_once('C:\\xampp\\htdocs\\data_warehouse\\public\\index.php')
CRITICAL - 2023-07-29 14:55:12 --> Call to undefined method App\Models\SektorUsahaModel::getCabangs
in SYSTEMPATH\Model.php on line 842.
 1 APPPATH\Controllers\SektorUsahaController.php(19): CodeIgniter\Model->__call('getCabangs', [])
 2 SYSTEMPATH\CodeIgniter.php(934): App\Controllers\SektorUsahaController->sektorUsaha()
 3 SYSTEMPATH\CodeIgniter.php(499): CodeIgniter\CodeIgniter->runController(Object(App\Controllers\SektorUsahaController))
 4 SYSTEMPATH\CodeIgniter.php(368): CodeIgniter\CodeIgniter->handleRequest(null, Object(Config\Cache), false)
 5 FCPATH\index.php(67): CodeIgniter\CodeIgniter->run()
 6 SYSTEMPATH\Commands\Server\rewrite.php(47): require_once('C:\\xampp\\htdocs\\data_warehouse\\public\\index.php')
CRITICAL - 2023-07-29 14:55:15 --> Call to undefined method App\Models\SektorUsahaModel::getCabangs
in SYSTEMPATH\Model.php on line 842.
 1 APPPATH\Controllers\SektorUsahaController.php(19): CodeIgniter\Model->__call('getCabangs', [])
 2 SYSTEMPATH\CodeIgniter.php(934): App\Controllers\SektorUsahaController->sektorUsaha()
 3 SYSTEMPATH\CodeIgniter.php(499): CodeIgniter\CodeIgniter->runController(Object(App\Controllers\SektorUsahaController))
 4 SYSTEMPATH\CodeIgniter.php(368): CodeIgniter\CodeIgniter->handleRequest(null, Object(Config\Cache), false)
 5 FCPATH\index.php(67): CodeIgniter\CodeIgniter->run()
 6 SYSTEMPATH\Commands\Server\rewrite.php(47): require_once('C:\\xampp\\htdocs\\data_warehouse\\public\\index.php')
ERROR - 2023-07-29 15:14:03 --> mysqli_sql_exception: Unknown column 'id_nasabah' in 'field list' in C:\xampp\htdocs\data_warehouse\system\Database\MySQLi\Connection.php:295
Stack trace:
#0 C:\xampp\htdocs\data_warehouse\system\Database\MySQLi\Connection.php(295): mysqli->query('SELECT count(id...', 0)
#1 C:\xampp\htdocs\data_warehouse\system\Database\BaseConnection.php(692): CodeIgniter\Database\MySQLi\Connection->execute('SELECT count(id...')
#2 C:\xampp\htdocs\data_warehouse\system\Database\BaseConnection.php(606): CodeIgniter\Database\BaseConnection->simpleQuery('SELECT count(id...')
#3 C:\xampp\htdocs\data_warehouse\system\Database\BaseBuilder.php(1616): CodeIgniter\Database\BaseConnection->query('SELECT count(id...', Array, false)
#4 C:\xampp\htdocs\data_warehouse\app\Models\PenyebabKlaimModel.php(33): CodeIgniter\Database\BaseBuilder->get()
#5 C:\xampp\htdocs\data_warehouse\app\Controllers\PenyebabKlaimController.php(31): App\Models\PenyebabKlaimModel->getData('1', '1')
#6 C:\xampp\htdocs\data_warehouse\system\CodeIgniter.php(934): App\Controllers\PenyebabKlaimController->getData('1', '1')
#7 C:\xampp\htdocs\data_warehouse\system\CodeIgniter.php(499): CodeIgniter\CodeIgniter->runController(Object(App\Controllers\PenyebabKlaimController))
#8 C:\xampp\htdocs\data_warehouse\system\CodeIgniter.php(368): CodeIgniter\CodeIgniter->handleRequest(NULL, Object(Config\Cache), false)
#9 C:\xampp\htdocs\data_warehouse\public\index.php(67): CodeIgniter\CodeIgniter->run()
#10 C:\xampp\htdocs\data_warehouse\system\Commands\Server\rewrite.php(47): require_once('C:\\xampp\\htdocs...')
#11 {main}
CRITICAL - 2023-07-29 15:14:03 --> Unknown column 'id_nasabah' in 'field list'
in SYSTEMPATH\Database\MySQLi\Connection.php on line 295.
 1 SYSTEMPATH\Database\MySQLi\Connection.php(295): mysqli->query('SELECT count(id_nasabah) as total_nasabah
FROM `fact_nasabah`
JOIN `dim_waktu` ON `dim_waktu`.`id_waktu` = `fact_nasabah`.`id_waktu`
JOIN `dim_penyebab_klaim` ON `dim_penyebab_klaim`.`id_penyebab_klaim` = `fact_nasabah`.`id_penyebab_klaim`
WHERE `dim_waktu`.`id_waktu` = \'1\'
AND `dim_penyebab_klaim`.`id_penyebab_klaim` = \'1\'
GROUP BY `dim_penyebab_klaim`.`id_penyebab_klaim`', 0)
 2 SYSTEMPATH\Database\BaseConnection.php(692): CodeIgniter\Database\MySQLi\Connection->execute('SELECT count(id_nasabah) as total_nasabah
FROM `fact_nasabah`
JOIN `dim_waktu` ON `dim_waktu`.`id_waktu` = `fact_nasabah`.`id_waktu`
JOIN `dim_penyebab_klaim` ON `dim_penyebab_klaim`.`id_penyebab_klaim` = `fact_nasabah`.`id_penyebab_klaim`
WHERE `dim_waktu`.`id_waktu` = \'1\'
AND `dim_penyebab_klaim`.`id_penyebab_klaim` = \'1\'
GROUP BY `dim_penyebab_klaim`.`id_penyebab_klaim`')
 3 SYSTEMPATH\Database\BaseConnection.php(606): CodeIgniter\Database\BaseConnection->simpleQuery('SELECT count(id_nasabah) as total_nasabah
FROM `fact_nasabah`
JOIN `dim_waktu` ON `dim_waktu`.`id_waktu` = `fact_nasabah`.`id_waktu`
JOIN `dim_penyebab_klaim` ON `dim_penyebab_klaim`.`id_penyebab_klaim` = `fact_nasabah`.`id_penyebab_klaim`
WHERE `dim_waktu`.`id_waktu` = \'1\'
AND `dim_penyebab_klaim`.`id_penyebab_klaim` = \'1\'
GROUP BY `dim_penyebab_klaim`.`id_penyebab_klaim`')
 4 SYSTEMPATH\Database\BaseBuilder.php(1616): CodeIgniter\Database\BaseConnection->query('SELECT count(id_nasabah) as total_nasabah
FROM `fact_nasabah`
JOIN `dim_waktu` ON `dim_waktu`.`id_waktu` = `fact_nasabah`.`id_waktu`
JOIN `dim_penyebab_klaim` ON `dim_penyebab_klaim`.`id_penyebab_klaim` = `fact_nasabah`.`id_penyebab_klaim`
WHERE `dim_waktu`.`id_waktu` = :dim_waktu.id_waktu:
AND `dim_penyebab_klaim`.`id_penyebab_klaim` = :dim_penyebab_klaim.id_penyebab_klaim:
GROUP BY `dim_penyebab_klaim`.`id_penyebab_klaim`', [...], false)
 5 APPPATH\Models\PenyebabKlaimModel.php(33): CodeIgniter\Database\BaseBuilder->get()
 6 APPPATH\Controllers\PenyebabKlaimController.php(31): App\Models\PenyebabKlaimModel->getData('1', '1')
 7 SYSTEMPATH\CodeIgniter.php(934): App\Controllers\PenyebabKlaimController->getData('1', '1')
 8 SYSTEMPATH\CodeIgniter.php(499): CodeIgniter\CodeIgniter->runController(Object(App\Controllers\PenyebabKlaimController))
 9 SYSTEMPATH\CodeIgniter.php(368): CodeIgniter\CodeIgniter->handleRequest(null, Object(Config\Cache), false)
10 FCPATH\index.php(67): CodeIgniter\CodeIgniter->run()
11 SYSTEMPATH\Commands\Server\rewrite.php(47): require_once('C:\\xampp\\htdocs\\data_warehouse\\public\\index.php')
ERROR - 2023-07-29 15:14:04 --> mysqli_sql_exception: Unknown column 'id_nasabah' in 'field list' in C:\xampp\htdocs\data_warehouse\system\Database\MySQLi\Connection.php:295
Stack trace:
#0 C:\xampp\htdocs\data_warehouse\system\Database\MySQLi\Connection.php(295): mysqli->query('SELECT count(id...', 0)
#1 C:\xampp\htdocs\data_warehouse\system\Database\BaseConnection.php(692): CodeIgniter\Database\MySQLi\Connection->execute('SELECT count(id...')
#2 C:\xampp\htdocs\data_warehouse\system\Database\BaseConnection.php(606): CodeIgniter\Database\BaseConnection->simpleQuery('SELECT count(id...')
#3 C:\xampp\htdocs\data_warehouse\system\Database\BaseBuilder.php(1616): CodeIgniter\Database\BaseConnection->query('SELECT count(id...', Array, false)
#4 C:\xampp\htdocs\data_warehouse\app\Models\PenyebabKlaimModel.php(33): CodeIgniter\Database\BaseBuilder->get()
#5 C:\xampp\htdocs\data_warehouse\app\Controllers\PenyebabKlaimController.php(31): App\Models\PenyebabKlaimModel->getData('1', '1')
#6 C:\xampp\htdocs\data_warehouse\system\CodeIgniter.php(934): App\Controllers\PenyebabKlaimController->getData('1', '1')
#7 C:\xampp\htdocs\data_warehouse\system\CodeIgniter.php(499): CodeIgniter\CodeIgniter->runController(Object(App\Controllers\PenyebabKlaimController))
#8 C:\xampp\htdocs\data_warehouse\system\CodeIgniter.php(368): CodeIgniter\CodeIgniter->handleRequest(NULL, Object(Config\Cache), false)
#9 C:\xampp\htdocs\data_warehouse\public\index.php(67): CodeIgniter\CodeIgniter->run()
#10 C:\xampp\htdocs\data_warehouse\system\Commands\Server\rewrite.php(47): require_once('C:\\xampp\\htdocs...')
#11 {main}
CRITICAL - 2023-07-29 15:14:04 --> Unknown column 'id_nasabah' in 'field list'
in SYSTEMPATH\Database\MySQLi\Connection.php on line 295.
 1 SYSTEMPATH\Database\MySQLi\Connection.php(295): mysqli->query('SELECT count(id_nasabah) as total_nasabah
FROM `fact_nasabah`
JOIN `dim_waktu` ON `dim_waktu`.`id_waktu` = `fact_nasabah`.`id_waktu`
JOIN `dim_penyebab_klaim` ON `dim_penyebab_klaim`.`id_penyebab_klaim` = `fact_nasabah`.`id_penyebab_klaim`
WHERE `dim_waktu`.`id_waktu` = \'1\'
AND `dim_penyebab_klaim`.`id_penyebab_klaim` = \'1\'
GROUP BY `dim_penyebab_klaim`.`id_penyebab_klaim`', 0)
 2 SYSTEMPATH\Database\BaseConnection.php(692): CodeIgniter\Database\MySQLi\Connection->execute('SELECT count(id_nasabah) as total_nasabah
FROM `fact_nasabah`
JOIN `dim_waktu` ON `dim_waktu`.`id_waktu` = `fact_nasabah`.`id_waktu`
JOIN `dim_penyebab_klaim` ON `dim_penyebab_klaim`.`id_penyebab_klaim` = `fact_nasabah`.`id_penyebab_klaim`
WHERE `dim_waktu`.`id_waktu` = \'1\'
AND `dim_penyebab_klaim`.`id_penyebab_klaim` = \'1\'
GROUP BY `dim_penyebab_klaim`.`id_penyebab_klaim`')
 3 SYSTEMPATH\Database\BaseConnection.php(606): CodeIgniter\Database\BaseConnection->simpleQuery('SELECT count(id_nasabah) as total_nasabah
FROM `fact_nasabah`
JOIN `dim_waktu` ON `dim_waktu`.`id_waktu` = `fact_nasabah`.`id_waktu`
JOIN `dim_penyebab_klaim` ON `dim_penyebab_klaim`.`id_penyebab_klaim` = `fact_nasabah`.`id_penyebab_klaim`
WHERE `dim_waktu`.`id_waktu` = \'1\'
AND `dim_penyebab_klaim`.`id_penyebab_klaim` = \'1\'
GROUP BY `dim_penyebab_klaim`.`id_penyebab_klaim`')
 4 SYSTEMPATH\Database\BaseBuilder.php(1616): CodeIgniter\Database\BaseConnection->query('SELECT count(id_nasabah) as total_nasabah
FROM `fact_nasabah`
JOIN `dim_waktu` ON `dim_waktu`.`id_waktu` = `fact_nasabah`.`id_waktu`
JOIN `dim_penyebab_klaim` ON `dim_penyebab_klaim`.`id_penyebab_klaim` = `fact_nasabah`.`id_penyebab_klaim`
WHERE `dim_waktu`.`id_waktu` = :dim_waktu.id_waktu:
AND `dim_penyebab_klaim`.`id_penyebab_klaim` = :dim_penyebab_klaim.id_penyebab_klaim:
GROUP BY `dim_penyebab_klaim`.`id_penyebab_klaim`', [...], false)
 5 APPPATH\Models\PenyebabKlaimModel.php(33): CodeIgniter\Database\BaseBuilder->get()
 6 APPPATH\Controllers\PenyebabKlaimController.php(31): App\Models\PenyebabKlaimModel->getData('1', '1')
 7 SYSTEMPATH\CodeIgniter.php(934): App\Controllers\PenyebabKlaimController->getData('1', '1')
 8 SYSTEMPATH\CodeIgniter.php(499): CodeIgniter\CodeIgniter->runController(Object(App\Controllers\PenyebabKlaimController))
 9 SYSTEMPATH\CodeIgniter.php(368): CodeIgniter\CodeIgniter->handleRequest(null, Object(Config\Cache), false)
10 FCPATH\index.php(67): CodeIgniter\CodeIgniter->run()
11 SYSTEMPATH\Commands\Server\rewrite.php(47): require_once('C:\\xampp\\htdocs\\data_warehouse\\public\\index.php')
ERROR - 2023-07-29 15:14:06 --> mysqli_sql_exception: Unknown column 'id_nasabah' in 'field list' in C:\xampp\htdocs\data_warehouse\system\Database\MySQLi\Connection.php:295
Stack trace:
#0 C:\xampp\htdocs\data_warehouse\system\Database\MySQLi\Connection.php(295): mysqli->query('SELECT count(id...', 0)
#1 C:\xampp\htdocs\data_warehouse\system\Database\BaseConnection.php(692): CodeIgniter\Database\MySQLi\Connection->execute('SELECT count(id...')
#2 C:\xampp\htdocs\data_warehouse\system\Database\BaseConnection.php(606): CodeIgniter\Database\BaseConnection->simpleQuery('SELECT count(id...')
#3 C:\xampp\htdocs\data_warehouse\system\Database\BaseBuilder.php(1616): CodeIgniter\Database\BaseConnection->query('SELECT count(id...', Array, false)
#4 C:\xampp\htdocs\data_warehouse\app\Models\PenyebabKlaimModel.php(33): CodeIgniter\Database\BaseBuilder->get()
#5 C:\xampp\htdocs\data_warehouse\app\Controllers\PenyebabKlaimController.php(31): App\Models\PenyebabKlaimModel->getData('1', '1')
#6 C:\xampp\htdocs\data_warehouse\system\CodeIgniter.php(934): App\Controllers\PenyebabKlaimController->getData('1', '1')
#7 C:\xampp\htdocs\data_warehouse\system\CodeIgniter.php(499): CodeIgniter\CodeIgniter->runController(Object(App\Controllers\PenyebabKlaimController))
#8 C:\xampp\htdocs\data_warehouse\system\CodeIgniter.php(368): CodeIgniter\CodeIgniter->handleRequest(NULL, Object(Config\Cache), false)
#9 C:\xampp\htdocs\data_warehouse\public\index.php(67): CodeIgniter\CodeIgniter->run()
#10 C:\xampp\htdocs\data_warehouse\system\Commands\Server\rewrite.php(47): require_once('C:\\xampp\\htdocs...')
#11 {main}
CRITICAL - 2023-07-29 15:14:06 --> Unknown column 'id_nasabah' in 'field list'
in SYSTEMPATH\Database\MySQLi\Connection.php on line 295.
 1 SYSTEMPATH\Database\MySQLi\Connection.php(295): mysqli->query('SELECT count(id_nasabah) as total_nasabah
FROM `fact_nasabah`
JOIN `dim_waktu` ON `dim_waktu`.`id_waktu` = `fact_nasabah`.`id_waktu`
JOIN `dim_penyebab_klaim` ON `dim_penyebab_klaim`.`id_penyebab_klaim` = `fact_nasabah`.`id_penyebab_klaim`
WHERE `dim_waktu`.`id_waktu` = \'1\'
AND `dim_penyebab_klaim`.`id_penyebab_klaim` = \'1\'
GROUP BY `dim_penyebab_klaim`.`id_penyebab_klaim`', 0)
 2 SYSTEMPATH\Database\BaseConnection.php(692): CodeIgniter\Database\MySQLi\Connection->execute('SELECT count(id_nasabah) as total_nasabah
FROM `fact_nasabah`
JOIN `dim_waktu` ON `dim_waktu`.`id_waktu` = `fact_nasabah`.`id_waktu`
JOIN `dim_penyebab_klaim` ON `dim_penyebab_klaim`.`id_penyebab_klaim` = `fact_nasabah`.`id_penyebab_klaim`
WHERE `dim_waktu`.`id_waktu` = \'1\'
AND `dim_penyebab_klaim`.`id_penyebab_klaim` = \'1\'
GROUP BY `dim_penyebab_klaim`.`id_penyebab_klaim`')
 3 SYSTEMPATH\Database\BaseConnection.php(606): CodeIgniter\Database\BaseConnection->simpleQuery('SELECT count(id_nasabah) as total_nasabah
FROM `fact_nasabah`
JOIN `dim_waktu` ON `dim_waktu`.`id_waktu` = `fact_nasabah`.`id_waktu`
JOIN `dim_penyebab_klaim` ON `dim_penyebab_klaim`.`id_penyebab_klaim` = `fact_nasabah`.`id_penyebab_klaim`
WHERE `dim_waktu`.`id_waktu` = \'1\'
AND `dim_penyebab_klaim`.`id_penyebab_klaim` = \'1\'
GROUP BY `dim_penyebab_klaim`.`id_penyebab_klaim`')
 4 SYSTEMPATH\Database\BaseBuilder.php(1616): CodeIgniter\Database\BaseConnection->query('SELECT count(id_nasabah) as total_nasabah
FROM `fact_nasabah`
JOIN `dim_waktu` ON `dim_waktu`.`id_waktu` = `fact_nasabah`.`id_waktu`
JOIN `dim_penyebab_klaim` ON `dim_penyebab_klaim`.`id_penyebab_klaim` = `fact_nasabah`.`id_penyebab_klaim`
WHERE `dim_waktu`.`id_waktu` = :dim_waktu.id_waktu:
AND `dim_penyebab_klaim`.`id_penyebab_klaim` = :dim_penyebab_klaim.id_penyebab_klaim:
GROUP BY `dim_penyebab_klaim`.`id_penyebab_klaim`', [...], false)
 5 APPPATH\Models\PenyebabKlaimModel.php(33): CodeIgniter\Database\BaseBuilder->get()
 6 APPPATH\Controllers\PenyebabKlaimController.php(31): App\Models\PenyebabKlaimModel->getData('1', '1')
 7 SYSTEMPATH\CodeIgniter.php(934): App\Controllers\PenyebabKlaimController->getData('1', '1')
 8 SYSTEMPATH\CodeIgniter.php(499): CodeIgniter\CodeIgniter->runController(Object(App\Controllers\PenyebabKlaimController))
 9 SYSTEMPATH\CodeIgniter.php(368): CodeIgniter\CodeIgniter->handleRequest(null, Object(Config\Cache), false)
10 FCPATH\index.php(67): CodeIgniter\CodeIgniter->run()
11 SYSTEMPATH\Commands\Server\rewrite.php(47): require_once('C:\\xampp\\htdocs\\data_warehouse\\public\\index.php')
ERROR - 2023-07-29 15:14:10 --> mysqli_sql_exception: Unknown column 'id_nasabah' in 'field list' in C:\xampp\htdocs\data_warehouse\system\Database\MySQLi\Connection.php:295
Stack trace:
#0 C:\xampp\htdocs\data_warehouse\system\Database\MySQLi\Connection.php(295): mysqli->query('SELECT count(id...', 0)
#1 C:\xampp\htdocs\data_warehouse\system\Database\BaseConnection.php(692): CodeIgniter\Database\MySQLi\Connection->execute('SELECT count(id...')
#2 C:\xampp\htdocs\data_warehouse\system\Database\BaseConnection.php(606): CodeIgniter\Database\BaseConnection->simpleQuery('SELECT count(id...')
#3 C:\xampp\htdocs\data_warehouse\system\Database\BaseBuilder.php(1616): CodeIgniter\Database\BaseConnection->query('SELECT count(id...', Array, false)
#4 C:\xampp\htdocs\data_warehouse\app\Models\PenyebabKlaimModel.php(33): CodeIgniter\Database\BaseBuilder->get()
#5 C:\xampp\htdocs\data_warehouse\app\Controllers\PenyebabKlaimController.php(31): App\Models\PenyebabKlaimModel->getData('1', '1')
#6 C:\xampp\htdocs\data_warehouse\system\CodeIgniter.php(934): App\Controllers\PenyebabKlaimController->getData('1', '1')
#7 C:\xampp\htdocs\data_warehouse\system\CodeIgniter.php(499): CodeIgniter\CodeIgniter->runController(Object(App\Controllers\PenyebabKlaimController))
#8 C:\xampp\htdocs\data_warehouse\system\CodeIgniter.php(368): CodeIgniter\CodeIgniter->handleRequest(NULL, Object(Config\Cache), false)
#9 C:\xampp\htdocs\data_warehouse\public\index.php(67): CodeIgniter\CodeIgniter->run()
#10 C:\xampp\htdocs\data_warehouse\system\Commands\Server\rewrite.php(47): require_once('C:\\xampp\\htdocs...')
#11 {main}
CRITICAL - 2023-07-29 15:14:10 --> Unknown column 'id_nasabah' in 'field list'
in SYSTEMPATH\Database\MySQLi\Connection.php on line 295.
 1 SYSTEMPATH\Database\MySQLi\Connection.php(295): mysqli->query('SELECT count(id_nasabah) as total_nasabah
FROM `fact_nasabah`
JOIN `dim_waktu` ON `dim_waktu`.`id_waktu` = `fact_nasabah`.`id_waktu`
JOIN `dim_penyebab_klaim` ON `dim_penyebab_klaim`.`id_penyebab_klaim` = `fact_nasabah`.`id_penyebab_klaim`
WHERE `dim_waktu`.`id_waktu` = \'1\'
AND `dim_penyebab_klaim`.`id_penyebab_klaim` = \'1\'
GROUP BY `dim_penyebab_klaim`.`id_penyebab_klaim`', 0)
 2 SYSTEMPATH\Database\BaseConnection.php(692): CodeIgniter\Database\MySQLi\Connection->execute('SELECT count(id_nasabah) as total_nasabah
FROM `fact_nasabah`
JOIN `dim_waktu` ON `dim_waktu`.`id_waktu` = `fact_nasabah`.`id_waktu`
JOIN `dim_penyebab_klaim` ON `dim_penyebab_klaim`.`id_penyebab_klaim` = `fact_nasabah`.`id_penyebab_klaim`
WHERE `dim_waktu`.`id_waktu` = \'1\'
AND `dim_penyebab_klaim`.`id_penyebab_klaim` = \'1\'
GROUP BY `dim_penyebab_klaim`.`id_penyebab_klaim`')
 3 SYSTEMPATH\Database\BaseConnection.php(606): CodeIgniter\Database\BaseConnection->simpleQuery('SELECT count(id_nasabah) as total_nasabah
FROM `fact_nasabah`
JOIN `dim_waktu` ON `dim_waktu`.`id_waktu` = `fact_nasabah`.`id_waktu`
JOIN `dim_penyebab_klaim` ON `dim_penyebab_klaim`.`id_penyebab_klaim` = `fact_nasabah`.`id_penyebab_klaim`
WHERE `dim_waktu`.`id_waktu` = \'1\'
AND `dim_penyebab_klaim`.`id_penyebab_klaim` = \'1\'
GROUP BY `dim_penyebab_klaim`.`id_penyebab_klaim`')
 4 SYSTEMPATH\Database\BaseBuilder.php(1616): CodeIgniter\Database\BaseConnection->query('SELECT count(id_nasabah) as total_nasabah
FROM `fact_nasabah`
JOIN `dim_waktu` ON `dim_waktu`.`id_waktu` = `fact_nasabah`.`id_waktu`
JOIN `dim_penyebab_klaim` ON `dim_penyebab_klaim`.`id_penyebab_klaim` = `fact_nasabah`.`id_penyebab_klaim`
WHERE `dim_waktu`.`id_waktu` = :dim_waktu.id_waktu:
AND `dim_penyebab_klaim`.`id_penyebab_klaim` = :dim_penyebab_klaim.id_penyebab_klaim:
GROUP BY `dim_penyebab_klaim`.`id_penyebab_klaim`', [...], false)
 5 APPPATH\Models\PenyebabKlaimModel.php(33): CodeIgniter\Database\BaseBuilder->get()
 6 APPPATH\Controllers\PenyebabKlaimController.php(31): App\Models\PenyebabKlaimModel->getData('1', '1')
 7 SYSTEMPATH\CodeIgniter.php(934): App\Controllers\PenyebabKlaimController->getData('1', '1')
 8 SYSTEMPATH\CodeIgniter.php(499): CodeIgniter\CodeIgniter->runController(Object(App\Controllers\PenyebabKlaimController))
 9 SYSTEMPATH\CodeIgniter.php(368): CodeIgniter\CodeIgniter->handleRequest(null, Object(Config\Cache), false)
10 FCPATH\index.php(67): CodeIgniter\CodeIgniter->run()
11 SYSTEMPATH\Commands\Server\rewrite.php(47): require_once('C:\\xampp\\htdocs\\data_warehouse\\public\\index.php')
ERROR - 2023-07-29 15:14:10 --> mysqli_sql_exception: Unknown column 'id_nasabah' in 'field list' in C:\xampp\htdocs\data_warehouse\system\Database\MySQLi\Connection.php:295
Stack trace:
#0 C:\xampp\htdocs\data_warehouse\system\Database\MySQLi\Connection.php(295): mysqli->query('SELECT count(id...', 0)
#1 C:\xampp\htdocs\data_warehouse\system\Database\BaseConnection.php(692): CodeIgniter\Database\MySQLi\Connection->execute('SELECT count(id...')
#2 C:\xampp\htdocs\data_warehouse\system\Database\BaseConnection.php(606): CodeIgniter\Database\BaseConnection->simpleQuery('SELECT count(id...')
#3 C:\xampp\htdocs\data_warehouse\system\Database\BaseBuilder.php(1616): CodeIgniter\Database\BaseConnection->query('SELECT count(id...', Array, false)
#4 C:\xampp\htdocs\data_warehouse\app\Models\PenyebabKlaimModel.php(33): CodeIgniter\Database\BaseBuilder->get()
#5 C:\xampp\htdocs\data_warehouse\app\Controllers\PenyebabKlaimController.php(31): App\Models\PenyebabKlaimModel->getData('1', '1')
#6 C:\xampp\htdocs\data_warehouse\system\CodeIgniter.php(934): App\Controllers\PenyebabKlaimController->getData('1', '1')
#7 C:\xampp\htdocs\data_warehouse\system\CodeIgniter.php(499): CodeIgniter\CodeIgniter->runController(Object(App\Controllers\PenyebabKlaimController))
#8 C:\xampp\htdocs\data_warehouse\system\CodeIgniter.php(368): CodeIgniter\CodeIgniter->handleRequest(NULL, Object(Config\Cache), false)
#9 C:\xampp\htdocs\data_warehouse\public\index.php(67): CodeIgniter\CodeIgniter->run()
#10 C:\xampp\htdocs\data_warehouse\system\Commands\Server\rewrite.php(47): require_once('C:\\xampp\\htdocs...')
#11 {main}
CRITICAL - 2023-07-29 15:14:10 --> Unknown column 'id_nasabah' in 'field list'
in SYSTEMPATH\Database\MySQLi\Connection.php on line 295.
 1 SYSTEMPATH\Database\MySQLi\Connection.php(295): mysqli->query('SELECT count(id_nasabah) as total_nasabah
FROM `fact_nasabah`
JOIN `dim_waktu` ON `dim_waktu`.`id_waktu` = `fact_nasabah`.`id_waktu`
JOIN `dim_penyebab_klaim` ON `dim_penyebab_klaim`.`id_penyebab_klaim` = `fact_nasabah`.`id_penyebab_klaim`
WHERE `dim_waktu`.`id_waktu` = \'1\'
AND `dim_penyebab_klaim`.`id_penyebab_klaim` = \'1\'
GROUP BY `dim_penyebab_klaim`.`id_penyebab_klaim`', 0)
 2 SYSTEMPATH\Database\BaseConnection.php(692): CodeIgniter\Database\MySQLi\Connection->execute('SELECT count(id_nasabah) as total_nasabah
FROM `fact_nasabah`
JOIN `dim_waktu` ON `dim_waktu`.`id_waktu` = `fact_nasabah`.`id_waktu`
JOIN `dim_penyebab_klaim` ON `dim_penyebab_klaim`.`id_penyebab_klaim` = `fact_nasabah`.`id_penyebab_klaim`
WHERE `dim_waktu`.`id_waktu` = \'1\'
AND `dim_penyebab_klaim`.`id_penyebab_klaim` = \'1\'
GROUP BY `dim_penyebab_klaim`.`id_penyebab_klaim`')
 3 SYSTEMPATH\Database\BaseConnection.php(606): CodeIgniter\Database\BaseConnection->simpleQuery('SELECT count(id_nasabah) as total_nasabah
FROM `fact_nasabah`
JOIN `dim_waktu` ON `dim_waktu`.`id_waktu` = `fact_nasabah`.`id_waktu`
JOIN `dim_penyebab_klaim` ON `dim_penyebab_klaim`.`id_penyebab_klaim` = `fact_nasabah`.`id_penyebab_klaim`
WHERE `dim_waktu`.`id_waktu` = \'1\'
AND `dim_penyebab_klaim`.`id_penyebab_klaim` = \'1\'
GROUP BY `dim_penyebab_klaim`.`id_penyebab_klaim`')
 4 SYSTEMPATH\Database\BaseBuilder.php(1616): CodeIgniter\Database\BaseConnection->query('SELECT count(id_nasabah) as total_nasabah
FROM `fact_nasabah`
JOIN `dim_waktu` ON `dim_waktu`.`id_waktu` = `fact_nasabah`.`id_waktu`
JOIN `dim_penyebab_klaim` ON `dim_penyebab_klaim`.`id_penyebab_klaim` = `fact_nasabah`.`id_penyebab_klaim`
WHERE `dim_waktu`.`id_waktu` = :dim_waktu.id_waktu:
AND `dim_penyebab_klaim`.`id_penyebab_klaim` = :dim_penyebab_klaim.id_penyebab_klaim:
GROUP BY `dim_penyebab_klaim`.`id_penyebab_klaim`', [...], false)
 5 APPPATH\Models\PenyebabKlaimModel.php(33): CodeIgniter\Database\BaseBuilder->get()
 6 APPPATH\Controllers\PenyebabKlaimController.php(31): App\Models\PenyebabKlaimModel->getData('1', '1')
 7 SYSTEMPATH\CodeIgniter.php(934): App\Controllers\PenyebabKlaimController->getData('1', '1')
 8 SYSTEMPATH\CodeIgniter.php(499): CodeIgniter\CodeIgniter->runController(Object(App\Controllers\PenyebabKlaimController))
 9 SYSTEMPATH\CodeIgniter.php(368): CodeIgniter\CodeIgniter->handleRequest(null, Object(Config\Cache), false)
10 FCPATH\index.php(67): CodeIgniter\CodeIgniter->run()
11 SYSTEMPATH\Commands\Server\rewrite.php(47): require_once('C:\\xampp\\htdocs\\data_warehouse\\public\\index.php')
ERROR - 2023-07-29 15:15:40 --> mysqli_sql_exception: Unknown column 'id_nasabah' in 'field list' in C:\xampp\htdocs\data_warehouse\system\Database\MySQLi\Connection.php:295
Stack trace:
#0 C:\xampp\htdocs\data_warehouse\system\Database\MySQLi\Connection.php(295): mysqli->query('SELECT count(id...', 0)
#1 C:\xampp\htdocs\data_warehouse\system\Database\BaseConnection.php(692): CodeIgniter\Database\MySQLi\Connection->execute('SELECT count(id...')
#2 C:\xampp\htdocs\data_warehouse\system\Database\BaseConnection.php(606): CodeIgniter\Database\BaseConnection->simpleQuery('SELECT count(id...')
#3 C:\xampp\htdocs\data_warehouse\system\Database\BaseBuilder.php(1616): CodeIgniter\Database\BaseConnection->query('SELECT count(id...', Array, false)
#4 C:\xampp\htdocs\data_warehouse\app\Models\PenyebabKlaimModel.php(33): CodeIgniter\Database\BaseBuilder->get()
#5 C:\xampp\htdocs\data_warehouse\app\Controllers\PenyebabKlaimController.php(31): App\Models\PenyebabKlaimModel->getData('1', '1')
#6 C:\xampp\htdocs\data_warehouse\system\CodeIgniter.php(934): App\Controllers\PenyebabKlaimController->getData('1', '1')
#7 C:\xampp\htdocs\data_warehouse\system\CodeIgniter.php(499): CodeIgniter\CodeIgniter->runController(Object(App\Controllers\PenyebabKlaimController))
#8 C:\xampp\htdocs\data_warehouse\system\CodeIgniter.php(368): CodeIgniter\CodeIgniter->handleRequest(NULL, Object(Config\Cache), false)
#9 C:\xampp\htdocs\data_warehouse\public\index.php(67): CodeIgniter\CodeIgniter->run()
#10 C:\xampp\htdocs\data_warehouse\system\Commands\Server\rewrite.php(47): require_once('C:\\xampp\\htdocs...')
#11 {main}
CRITICAL - 2023-07-29 15:15:40 --> Unknown column 'id_nasabah' in 'field list'
in SYSTEMPATH\Database\MySQLi\Connection.php on line 295.
 1 SYSTEMPATH\Database\MySQLi\Connection.php(295): mysqli->query('SELECT count(id_nasabah) as total_nasabah
FROM `fact_nasabah`
JOIN `dim_waktu` ON `dim_waktu`.`id_waktu` = `fact_nasabah`.`id_waktu`
JOIN `dim_penyebab_klaim` ON `dim_penyebab_klaim`.`id_penyebab_klaim` = `fact_nasabah`.`id_penyebab_klaim`
WHERE `dim_waktu`.`id_waktu` = \'1\'
AND `dim_penyebab_klaim`.`id_penyebab_klaim` = \'1\'
GROUP BY `dim_penyebab_klaim`.`id_penyebab_klaim`', 0)
 2 SYSTEMPATH\Database\BaseConnection.php(692): CodeIgniter\Database\MySQLi\Connection->execute('SELECT count(id_nasabah) as total_nasabah
FROM `fact_nasabah`
JOIN `dim_waktu` ON `dim_waktu`.`id_waktu` = `fact_nasabah`.`id_waktu`
JOIN `dim_penyebab_klaim` ON `dim_penyebab_klaim`.`id_penyebab_klaim` = `fact_nasabah`.`id_penyebab_klaim`
WHERE `dim_waktu`.`id_waktu` = \'1\'
AND `dim_penyebab_klaim`.`id_penyebab_klaim` = \'1\'
GROUP BY `dim_penyebab_klaim`.`id_penyebab_klaim`')
 3 SYSTEMPATH\Database\BaseConnection.php(606): CodeIgniter\Database\BaseConnection->simpleQuery('SELECT count(id_nasabah) as total_nasabah
FROM `fact_nasabah`
JOIN `dim_waktu` ON `dim_waktu`.`id_waktu` = `fact_nasabah`.`id_waktu`
JOIN `dim_penyebab_klaim` ON `dim_penyebab_klaim`.`id_penyebab_klaim` = `fact_nasabah`.`id_penyebab_klaim`
WHERE `dim_waktu`.`id_waktu` = \'1\'
AND `dim_penyebab_klaim`.`id_penyebab_klaim` = \'1\'
GROUP BY `dim_penyebab_klaim`.`id_penyebab_klaim`')
 4 SYSTEMPATH\Database\BaseBuilder.php(1616): CodeIgniter\Database\BaseConnection->query('SELECT count(id_nasabah) as total_nasabah
FROM `fact_nasabah`
JOIN `dim_waktu` ON `dim_waktu`.`id_waktu` = `fact_nasabah`.`id_waktu`
JOIN `dim_penyebab_klaim` ON `dim_penyebab_klaim`.`id_penyebab_klaim` = `fact_nasabah`.`id_penyebab_klaim`
WHERE `dim_waktu`.`id_waktu` = :dim_waktu.id_waktu:
AND `dim_penyebab_klaim`.`id_penyebab_klaim` = :dim_penyebab_klaim.id_penyebab_klaim:
GROUP BY `dim_penyebab_klaim`.`id_penyebab_klaim`', [...], false)
 5 APPPATH\Models\PenyebabKlaimModel.php(33): CodeIgniter\Database\BaseBuilder->get()
 6 APPPATH\Controllers\PenyebabKlaimController.php(31): App\Models\PenyebabKlaimModel->getData('1', '1')
 7 SYSTEMPATH\CodeIgniter.php(934): App\Controllers\PenyebabKlaimController->getData('1', '1')
 8 SYSTEMPATH\CodeIgniter.php(499): CodeIgniter\CodeIgniter->runController(Object(App\Controllers\PenyebabKlaimController))
 9 SYSTEMPATH\CodeIgniter.php(368): CodeIgniter\CodeIgniter->handleRequest(null, Object(Config\Cache), false)
10 FCPATH\index.php(67): CodeIgniter\CodeIgniter->run()
11 SYSTEMPATH\Commands\Server\rewrite.php(47): require_once('C:\\xampp\\htdocs\\data_warehouse\\public\\index.php')
ERROR - 2023-07-29 15:15:43 --> mysqli_sql_exception: Unknown column 'id_nasabah' in 'field list' in C:\xampp\htdocs\data_warehouse\system\Database\MySQLi\Connection.php:295
Stack trace:
#0 C:\xampp\htdocs\data_warehouse\system\Database\MySQLi\Connection.php(295): mysqli->query('SELECT count(id...', 0)
#1 C:\xampp\htdocs\data_warehouse\system\Database\BaseConnection.php(692): CodeIgniter\Database\MySQLi\Connection->execute('SELECT count(id...')
#2 C:\xampp\htdocs\data_warehouse\system\Database\BaseConnection.php(606): CodeIgniter\Database\BaseConnection->simpleQuery('SELECT count(id...')
#3 C:\xampp\htdocs\data_warehouse\system\Database\BaseBuilder.php(1616): CodeIgniter\Database\BaseConnection->query('SELECT count(id...', Array, false)
#4 C:\xampp\htdocs\data_warehouse\app\Models\PenyebabKlaimModel.php(33): CodeIgniter\Database\BaseBuilder->get()
#5 C:\xampp\htdocs\data_warehouse\app\Controllers\PenyebabKlaimController.php(31): App\Models\PenyebabKlaimModel->getData('1', '1')
#6 C:\xampp\htdocs\data_warehouse\system\CodeIgniter.php(934): App\Controllers\PenyebabKlaimController->getData('1', '1')
#7 C:\xampp\htdocs\data_warehouse\system\CodeIgniter.php(499): CodeIgniter\CodeIgniter->runController(Object(App\Controllers\PenyebabKlaimController))
#8 C:\xampp\htdocs\data_warehouse\system\CodeIgniter.php(368): CodeIgniter\CodeIgniter->handleRequest(NULL, Object(Config\Cache), false)
#9 C:\xampp\htdocs\data_warehouse\public\index.php(67): CodeIgniter\CodeIgniter->run()
#10 C:\xampp\htdocs\data_warehouse\system\Commands\Server\rewrite.php(47): require_once('C:\\xampp\\htdocs...')
#11 {main}
CRITICAL - 2023-07-29 15:15:43 --> Unknown column 'id_nasabah' in 'field list'
in SYSTEMPATH\Database\MySQLi\Connection.php on line 295.
 1 SYSTEMPATH\Database\MySQLi\Connection.php(295): mysqli->query('SELECT count(id_nasabah) as total_nasabah
FROM `fact_nasabah`
JOIN `dim_waktu` ON `dim_waktu`.`id_waktu` = `fact_nasabah`.`id_waktu`
JOIN `dim_penyebab_klaim` ON `dim_penyebab_klaim`.`id_penyebab_klaim` = `fact_nasabah`.`id_penyebab_klaim`
WHERE `dim_waktu`.`id_waktu` = \'1\'
AND `dim_penyebab_klaim`.`id_penyebab_klaim` = \'1\'
GROUP BY `dim_penyebab_klaim`.`id_penyebab_klaim`', 0)
 2 SYSTEMPATH\Database\BaseConnection.php(692): CodeIgniter\Database\MySQLi\Connection->execute('SELECT count(id_nasabah) as total_nasabah
FROM `fact_nasabah`
JOIN `dim_waktu` ON `dim_waktu`.`id_waktu` = `fact_nasabah`.`id_waktu`
JOIN `dim_penyebab_klaim` ON `dim_penyebab_klaim`.`id_penyebab_klaim` = `fact_nasabah`.`id_penyebab_klaim`
WHERE `dim_waktu`.`id_waktu` = \'1\'
AND `dim_penyebab_klaim`.`id_penyebab_klaim` = \'1\'
GROUP BY `dim_penyebab_klaim`.`id_penyebab_klaim`')
 3 SYSTEMPATH\Database\BaseConnection.php(606): CodeIgniter\Database\BaseConnection->simpleQuery('SELECT count(id_nasabah) as total_nasabah
FROM `fact_nasabah`
JOIN `dim_waktu` ON `dim_waktu`.`id_waktu` = `fact_nasabah`.`id_waktu`
JOIN `dim_penyebab_klaim` ON `dim_penyebab_klaim`.`id_penyebab_klaim` = `fact_nasabah`.`id_penyebab_klaim`
WHERE `dim_waktu`.`id_waktu` = \'1\'
AND `dim_penyebab_klaim`.`id_penyebab_klaim` = \'1\'
GROUP BY `dim_penyebab_klaim`.`id_penyebab_klaim`')
 4 SYSTEMPATH\Database\BaseBuilder.php(1616): CodeIgniter\Database\BaseConnection->query('SELECT count(id_nasabah) as total_nasabah
FROM `fact_nasabah`
JOIN `dim_waktu` ON `dim_waktu`.`id_waktu` = `fact_nasabah`.`id_waktu`
JOIN `dim_penyebab_klaim` ON `dim_penyebab_klaim`.`id_penyebab_klaim` = `fact_nasabah`.`id_penyebab_klaim`
WHERE `dim_waktu`.`id_waktu` = :dim_waktu.id_waktu:
AND `dim_penyebab_klaim`.`id_penyebab_klaim` = :dim_penyebab_klaim.id_penyebab_klaim:
GROUP BY `dim_penyebab_klaim`.`id_penyebab_klaim`', [...], false)
 5 APPPATH\Models\PenyebabKlaimModel.php(33): CodeIgniter\Database\BaseBuilder->get()
 6 APPPATH\Controllers\PenyebabKlaimController.php(31): App\Models\PenyebabKlaimModel->getData('1', '1')
 7 SYSTEMPATH\CodeIgniter.php(934): App\Controllers\PenyebabKlaimController->getData('1', '1')
 8 SYSTEMPATH\CodeIgniter.php(499): CodeIgniter\CodeIgniter->runController(Object(App\Controllers\PenyebabKlaimController))
 9 SYSTEMPATH\CodeIgniter.php(368): CodeIgniter\CodeIgniter->handleRequest(null, Object(Config\Cache), false)
10 FCPATH\index.php(67): CodeIgniter\CodeIgniter->run()
11 SYSTEMPATH\Commands\Server\rewrite.php(47): require_once('C:\\xampp\\htdocs\\data_warehouse\\public\\index.php')
ERROR - 2023-07-29 15:15:45 --> mysqli_sql_exception: Unknown column 'id_nasabah' in 'field list' in C:\xampp\htdocs\data_warehouse\system\Database\MySQLi\Connection.php:295
Stack trace:
#0 C:\xampp\htdocs\data_warehouse\system\Database\MySQLi\Connection.php(295): mysqli->query('SELECT count(id...', 0)
#1 C:\xampp\htdocs\data_warehouse\system\Database\BaseConnection.php(692): CodeIgniter\Database\MySQLi\Connection->execute('SELECT count(id...')
#2 C:\xampp\htdocs\data_warehouse\system\Database\BaseConnection.php(606): CodeIgniter\Database\BaseConnection->simpleQuery('SELECT count(id...')
#3 C:\xampp\htdocs\data_warehouse\system\Database\BaseBuilder.php(1616): CodeIgniter\Database\BaseConnection->query('SELECT count(id...', Array, false)
#4 C:\xampp\htdocs\data_warehouse\app\Models\PenyebabKlaimModel.php(33): CodeIgniter\Database\BaseBuilder->get()
#5 C:\xampp\htdocs\data_warehouse\app\Controllers\PenyebabKlaimController.php(31): App\Models\PenyebabKlaimModel->getData('1', '1')
#6 C:\xampp\htdocs\data_warehouse\system\CodeIgniter.php(934): App\Controllers\PenyebabKlaimController->getData('1', '1')
#7 C:\xampp\htdocs\data_warehouse\system\CodeIgniter.php(499): CodeIgniter\CodeIgniter->runController(Object(App\Controllers\PenyebabKlaimController))
#8 C:\xampp\htdocs\data_warehouse\system\CodeIgniter.php(368): CodeIgniter\CodeIgniter->handleRequest(NULL, Object(Config\Cache), false)
#9 C:\xampp\htdocs\data_warehouse\public\index.php(67): CodeIgniter\CodeIgniter->run()
#10 C:\xampp\htdocs\data_warehouse\system\Commands\Server\rewrite.php(47): require_once('C:\\xampp\\htdocs...')
#11 {main}
CRITICAL - 2023-07-29 15:15:45 --> Unknown column 'id_nasabah' in 'field list'
in SYSTEMPATH\Database\MySQLi\Connection.php on line 295.
 1 SYSTEMPATH\Database\MySQLi\Connection.php(295): mysqli->query('SELECT count(id_nasabah) as total_nasabah
FROM `fact_nasabah`
JOIN `dim_waktu` ON `dim_waktu`.`id_waktu` = `fact_nasabah`.`id_waktu`
JOIN `dim_penyebab_klaim` ON `dim_penyebab_klaim`.`id_penyebab_klaim` = `fact_nasabah`.`id_penyebab_klaim`
WHERE `dim_waktu`.`id_waktu` = \'1\'
AND `dim_penyebab_klaim`.`id_penyebab_klaim` = \'1\'
GROUP BY `dim_penyebab_klaim`.`id_penyebab_klaim`', 0)
 2 SYSTEMPATH\Database\BaseConnection.php(692): CodeIgniter\Database\MySQLi\Connection->execute('SELECT count(id_nasabah) as total_nasabah
FROM `fact_nasabah`
JOIN `dim_waktu` ON `dim_waktu`.`id_waktu` = `fact_nasabah`.`id_waktu`
JOIN `dim_penyebab_klaim` ON `dim_penyebab_klaim`.`id_penyebab_klaim` = `fact_nasabah`.`id_penyebab_klaim`
WHERE `dim_waktu`.`id_waktu` = \'1\'
AND `dim_penyebab_klaim`.`id_penyebab_klaim` = \'1\'
GROUP BY `dim_penyebab_klaim`.`id_penyebab_klaim`')
 3 SYSTEMPATH\Database\BaseConnection.php(606): CodeIgniter\Database\BaseConnection->simpleQuery('SELECT count(id_nasabah) as total_nasabah
FROM `fact_nasabah`
JOIN `dim_waktu` ON `dim_waktu`.`id_waktu` = `fact_nasabah`.`id_waktu`
JOIN `dim_penyebab_klaim` ON `dim_penyebab_klaim`.`id_penyebab_klaim` = `fact_nasabah`.`id_penyebab_klaim`
WHERE `dim_waktu`.`id_waktu` = \'1\'
AND `dim_penyebab_klaim`.`id_penyebab_klaim` = \'1\'
GROUP BY `dim_penyebab_klaim`.`id_penyebab_klaim`')
 4 SYSTEMPATH\Database\BaseBuilder.php(1616): CodeIgniter\Database\BaseConnection->query('SELECT count(id_nasabah) as total_nasabah
FROM `fact_nasabah`
JOIN `dim_waktu` ON `dim_waktu`.`id_waktu` = `fact_nasabah`.`id_waktu`
JOIN `dim_penyebab_klaim` ON `dim_penyebab_klaim`.`id_penyebab_klaim` = `fact_nasabah`.`id_penyebab_klaim`
WHERE `dim_waktu`.`id_waktu` = :dim_waktu.id_waktu:
AND `dim_penyebab_klaim`.`id_penyebab_klaim` = :dim_penyebab_klaim.id_penyebab_klaim:
GROUP BY `dim_penyebab_klaim`.`id_penyebab_klaim`', [...], false)
 5 APPPATH\Models\PenyebabKlaimModel.php(33): CodeIgniter\Database\BaseBuilder->get()
 6 APPPATH\Controllers\PenyebabKlaimController.php(31): App\Models\PenyebabKlaimModel->getData('1', '1')
 7 SYSTEMPATH\CodeIgniter.php(934): App\Controllers\PenyebabKlaimController->getData('1', '1')
 8 SYSTEMPATH\CodeIgniter.php(499): CodeIgniter\CodeIgniter->runController(Object(App\Controllers\PenyebabKlaimController))
 9 SYSTEMPATH\CodeIgniter.php(368): CodeIgniter\CodeIgniter->handleRequest(null, Object(Config\Cache), false)
10 FCPATH\index.php(67): CodeIgniter\CodeIgniter->run()
11 SYSTEMPATH\Commands\Server\rewrite.php(47): require_once('C:\\xampp\\htdocs\\data_warehouse\\public\\index.php')
ERROR - 2023-07-29 15:17:37 --> mysqli_sql_exception: Unknown column 'id_nasabah' in 'field list' in C:\xampp\htdocs\data_warehouse\system\Database\MySQLi\Connection.php:295
Stack trace:
#0 C:\xampp\htdocs\data_warehouse\system\Database\MySQLi\Connection.php(295): mysqli->query('SELECT count(id...', 0)
#1 C:\xampp\htdocs\data_warehouse\system\Database\BaseConnection.php(692): CodeIgniter\Database\MySQLi\Connection->execute('SELECT count(id...')
#2 C:\xampp\htdocs\data_warehouse\system\Database\BaseConnection.php(606): CodeIgniter\Database\BaseConnection->simpleQuery('SELECT count(id...')
#3 C:\xampp\htdocs\data_warehouse\system\Database\BaseBuilder.php(1616): CodeIgniter\Database\BaseConnection->query('SELECT count(id...', Array, false)
#4 C:\xampp\htdocs\data_warehouse\app\Models\PenyebabKlaimModel.php(33): CodeIgniter\Database\BaseBuilder->get()
#5 C:\xampp\htdocs\data_warehouse\app\Controllers\PenyebabKlaimController.php(31): App\Models\PenyebabKlaimModel->getData('1', '1')
#6 C:\xampp\htdocs\data_warehouse\system\CodeIgniter.php(934): App\Controllers\PenyebabKlaimController->getData('1', '1')
#7 C:\xampp\htdocs\data_warehouse\system\CodeIgniter.php(499): CodeIgniter\CodeIgniter->runController(Object(App\Controllers\PenyebabKlaimController))
#8 C:\xampp\htdocs\data_warehouse\system\CodeIgniter.php(368): CodeIgniter\CodeIgniter->handleRequest(NULL, Object(Config\Cache), false)
#9 C:\xampp\htdocs\data_warehouse\public\index.php(67): CodeIgniter\CodeIgniter->run()
#10 C:\xampp\htdocs\data_warehouse\system\Commands\Server\rewrite.php(47): require_once('C:\\xampp\\htdocs...')
#11 {main}
CRITICAL - 2023-07-29 15:17:37 --> Unknown column 'id_nasabah' in 'field list'
in SYSTEMPATH\Database\MySQLi\Connection.php on line 295.
 1 SYSTEMPATH\Database\MySQLi\Connection.php(295): mysqli->query('SELECT count(id_nasabah) as total_nasabah
FROM `fact_nasabah`
JOIN `dim_waktu` ON `dim_waktu`.`id_waktu` = `fact_nasabah`.`id_waktu`
JOIN `dim_penyebab_klaim` ON `dim_penyebab_klaim`.`id_penyebab_klaim` = `fact_nasabah`.`id_penyebab_klaim`
WHERE `dim_waktu`.`id_waktu` = \'1\'
AND `dim_penyebab_klaim`.`id_penyebab_klaim` = \'1\'
GROUP BY `dim_penyebab_klaim`.`id_penyebab_klaim`', 0)
 2 SYSTEMPATH\Database\BaseConnection.php(692): CodeIgniter\Database\MySQLi\Connection->execute('SELECT count(id_nasabah) as total_nasabah
FROM `fact_nasabah`
JOIN `dim_waktu` ON `dim_waktu`.`id_waktu` = `fact_nasabah`.`id_waktu`
JOIN `dim_penyebab_klaim` ON `dim_penyebab_klaim`.`id_penyebab_klaim` = `fact_nasabah`.`id_penyebab_klaim`
WHERE `dim_waktu`.`id_waktu` = \'1\'
AND `dim_penyebab_klaim`.`id_penyebab_klaim` = \'1\'
GROUP BY `dim_penyebab_klaim`.`id_penyebab_klaim`')
 3 SYSTEMPATH\Database\BaseConnection.php(606): CodeIgniter\Database\BaseConnection->simpleQuery('SELECT count(id_nasabah) as total_nasabah
FROM `fact_nasabah`
JOIN `dim_waktu` ON `dim_waktu`.`id_waktu` = `fact_nasabah`.`id_waktu`
JOIN `dim_penyebab_klaim` ON `dim_penyebab_klaim`.`id_penyebab_klaim` = `fact_nasabah`.`id_penyebab_klaim`
WHERE `dim_waktu`.`id_waktu` = \'1\'
AND `dim_penyebab_klaim`.`id_penyebab_klaim` = \'1\'
GROUP BY `dim_penyebab_klaim`.`id_penyebab_klaim`')
 4 SYSTEMPATH\Database\BaseBuilder.php(1616): CodeIgniter\Database\BaseConnection->query('SELECT count(id_nasabah) as total_nasabah
FROM `fact_nasabah`
JOIN `dim_waktu` ON `dim_waktu`.`id_waktu` = `fact_nasabah`.`id_waktu`
JOIN `dim_penyebab_klaim` ON `dim_penyebab_klaim`.`id_penyebab_klaim` = `fact_nasabah`.`id_penyebab_klaim`
WHERE `dim_waktu`.`id_waktu` = :dim_waktu.id_waktu:
AND `dim_penyebab_klaim`.`id_penyebab_klaim` = :dim_penyebab_klaim.id_penyebab_klaim:
GROUP BY `dim_penyebab_klaim`.`id_penyebab_klaim`', [...], false)
 5 APPPATH\Models\PenyebabKlaimModel.php(33): CodeIgniter\Database\BaseBuilder->get()
 6 APPPATH\Controllers\PenyebabKlaimController.php(31): App\Models\PenyebabKlaimModel->getData('1', '1')
 7 SYSTEMPATH\CodeIgniter.php(934): App\Controllers\PenyebabKlaimController->getData('1', '1')
 8 SYSTEMPATH\CodeIgniter.php(499): CodeIgniter\CodeIgniter->runController(Object(App\Controllers\PenyebabKlaimController))
 9 SYSTEMPATH\CodeIgniter.php(368): CodeIgniter\CodeIgniter->handleRequest(null, Object(Config\Cache), false)
10 FCPATH\index.php(67): CodeIgniter\CodeIgniter->run()
11 SYSTEMPATH\Commands\Server\rewrite.php(47): require_once('C:\\xampp\\htdocs\\data_warehouse\\public\\index.php')
ERROR - 2023-07-29 15:21:43 --> mysqli_sql_exception: Unknown column 'id_nasabah' in 'field list' in C:\xampp\htdocs\data_warehouse\system\Database\MySQLi\Connection.php:295
Stack trace:
#0 C:\xampp\htdocs\data_warehouse\system\Database\MySQLi\Connection.php(295): mysqli->query('SELECT count(id...', 0)
#1 C:\xampp\htdocs\data_warehouse\system\Database\BaseConnection.php(692): CodeIgniter\Database\MySQLi\Connection->execute('SELECT count(id...')
#2 C:\xampp\htdocs\data_warehouse\system\Database\BaseConnection.php(606): CodeIgniter\Database\BaseConnection->simpleQuery('SELECT count(id...')
#3 C:\xampp\htdocs\data_warehouse\system\Database\BaseBuilder.php(1616): CodeIgniter\Database\BaseConnection->query('SELECT count(id...', Array, false)
#4 C:\xampp\htdocs\data_warehouse\app\Models\PenyebabKlaimModel.php(33): CodeIgniter\Database\BaseBuilder->get()
#5 C:\xampp\htdocs\data_warehouse\app\Controllers\PenyebabKlaimController.php(31): App\Models\PenyebabKlaimModel->getData('1', '1')
#6 C:\xampp\htdocs\data_warehouse\system\CodeIgniter.php(934): App\Controllers\PenyebabKlaimController->getData('1', '1')
#7 C:\xampp\htdocs\data_warehouse\system\CodeIgniter.php(499): CodeIgniter\CodeIgniter->runController(Object(App\Controllers\PenyebabKlaimController))
#8 C:\xampp\htdocs\data_warehouse\system\CodeIgniter.php(368): CodeIgniter\CodeIgniter->handleRequest(NULL, Object(Config\Cache), false)
#9 C:\xampp\htdocs\data_warehouse\public\index.php(67): CodeIgniter\CodeIgniter->run()
#10 C:\xampp\htdocs\data_warehouse\system\Commands\Server\rewrite.php(47): require_once('C:\\xampp\\htdocs...')
#11 {main}
CRITICAL - 2023-07-29 15:21:43 --> Unknown column 'id_nasabah' in 'field list'
in SYSTEMPATH\Database\MySQLi\Connection.php on line 295.
 1 SYSTEMPATH\Database\MySQLi\Connection.php(295): mysqli->query('SELECT count(id_nasabah) as total_nasabah
FROM `fact_nasabah`
JOIN `dim_waktu` ON `dim_waktu`.`id_waktu` = `fact_nasabah`.`id_waktu`
JOIN `dim_penyebab_klaim` ON `dim_penyebab_klaim`.`id_penyebab_klaim` = `fact_nasabah`.`id_penyebab_klaim`
WHERE `dim_waktu`.`id_waktu` = \'1\'
AND `dim_penyebab_klaim`.`id_penyebab_klaim` = \'1\'
GROUP BY `dim_penyebab_klaim`.`id_penyebab_klaim`', 0)
 2 SYSTEMPATH\Database\BaseConnection.php(692): CodeIgniter\Database\MySQLi\Connection->execute('SELECT count(id_nasabah) as total_nasabah
FROM `fact_nasabah`
JOIN `dim_waktu` ON `dim_waktu`.`id_waktu` = `fact_nasabah`.`id_waktu`
JOIN `dim_penyebab_klaim` ON `dim_penyebab_klaim`.`id_penyebab_klaim` = `fact_nasabah`.`id_penyebab_klaim`
WHERE `dim_waktu`.`id_waktu` = \'1\'
AND `dim_penyebab_klaim`.`id_penyebab_klaim` = \'1\'
GROUP BY `dim_penyebab_klaim`.`id_penyebab_klaim`')
 3 SYSTEMPATH\Database\BaseConnection.php(606): CodeIgniter\Database\BaseConnection->simpleQuery('SELECT count(id_nasabah) as total_nasabah
FROM `fact_nasabah`
JOIN `dim_waktu` ON `dim_waktu`.`id_waktu` = `fact_nasabah`.`id_waktu`
JOIN `dim_penyebab_klaim` ON `dim_penyebab_klaim`.`id_penyebab_klaim` = `fact_nasabah`.`id_penyebab_klaim`
WHERE `dim_waktu`.`id_waktu` = \'1\'
AND `dim_penyebab_klaim`.`id_penyebab_klaim` = \'1\'
GROUP BY `dim_penyebab_klaim`.`id_penyebab_klaim`')
 4 SYSTEMPATH\Database\BaseBuilder.php(1616): CodeIgniter\Database\BaseConnection->query('SELECT count(id_nasabah) as total_nasabah
FROM `fact_nasabah`
JOIN `dim_waktu` ON `dim_waktu`.`id_waktu` = `fact_nasabah`.`id_waktu`
JOIN `dim_penyebab_klaim` ON `dim_penyebab_klaim`.`id_penyebab_klaim` = `fact_nasabah`.`id_penyebab_klaim`
WHERE `dim_waktu`.`id_waktu` = :dim_waktu.id_waktu:
AND `dim_penyebab_klaim`.`id_penyebab_klaim` = :dim_penyebab_klaim.id_penyebab_klaim:
GROUP BY `dim_penyebab_klaim`.`id_penyebab_klaim`', [...], false)
 5 APPPATH\Models\PenyebabKlaimModel.php(33): CodeIgniter\Database\BaseBuilder->get()
 6 APPPATH\Controllers\PenyebabKlaimController.php(31): App\Models\PenyebabKlaimModel->getData('1', '1')
 7 SYSTEMPATH\CodeIgniter.php(934): App\Controllers\PenyebabKlaimController->getData('1', '1')
 8 SYSTEMPATH\CodeIgniter.php(499): CodeIgniter\CodeIgniter->runController(Object(App\Controllers\PenyebabKlaimController))
 9 SYSTEMPATH\CodeIgniter.php(368): CodeIgniter\CodeIgniter->handleRequest(null, Object(Config\Cache), false)
10 FCPATH\index.php(67): CodeIgniter\CodeIgniter->run()
11 SYSTEMPATH\Commands\Server\rewrite.php(47): require_once('C:\\xampp\\htdocs\\data_warehouse\\public\\index.php')
ERROR - 2023-07-29 15:25:34 --> mysqli_sql_exception: Unknown column 'id_nasabah' in 'field list' in C:\xampp\htdocs\data_warehouse\system\Database\MySQLi\Connection.php:295
Stack trace:
#0 C:\xampp\htdocs\data_warehouse\system\Database\MySQLi\Connection.php(295): mysqli->query('SELECT count(id...', 0)
#1 C:\xampp\htdocs\data_warehouse\system\Database\BaseConnection.php(692): CodeIgniter\Database\MySQLi\Connection->execute('SELECT count(id...')
#2 C:\xampp\htdocs\data_warehouse\system\Database\BaseConnection.php(606): CodeIgniter\Database\BaseConnection->simpleQuery('SELECT count(id...')
#3 C:\xampp\htdocs\data_warehouse\system\Database\BaseBuilder.php(1616): CodeIgniter\Database\BaseConnection->query('SELECT count(id...', Array, false)
#4 C:\xampp\htdocs\data_warehouse\app\Models\PenyebabKlaimModel.php(33): CodeIgniter\Database\BaseBuilder->get()
#5 C:\xampp\htdocs\data_warehouse\app\Controllers\PenyebabKlaimController.php(31): App\Models\PenyebabKlaimModel->getData('1', '1')
#6 C:\xampp\htdocs\data_warehouse\system\CodeIgniter.php(934): App\Controllers\PenyebabKlaimController->getData('1', '1')
#7 C:\xampp\htdocs\data_warehouse\system\CodeIgniter.php(499): CodeIgniter\CodeIgniter->runController(Object(App\Controllers\PenyebabKlaimController))
#8 C:\xampp\htdocs\data_warehouse\system\CodeIgniter.php(368): CodeIgniter\CodeIgniter->handleRequest(NULL, Object(Config\Cache), false)
#9 C:\xampp\htdocs\data_warehouse\public\index.php(67): CodeIgniter\CodeIgniter->run()
#10 C:\xampp\htdocs\data_warehouse\system\Commands\Server\rewrite.php(47): require_once('C:\\xampp\\htdocs...')
#11 {main}
CRITICAL - 2023-07-29 15:25:34 --> Unknown column 'id_nasabah' in 'field list'
in SYSTEMPATH\Database\MySQLi\Connection.php on line 295.
 1 SYSTEMPATH\Database\MySQLi\Connection.php(295): mysqli->query('SELECT count(id_nasabah) as total_nasabah
FROM `fact_nasabah`
JOIN `dim_waktu` ON `dim_waktu`.`id_waktu` = `fact_nasabah`.`id_waktu`
JOIN `dim_penyebab_klaim` ON `dim_penyebab_klaim`.`id_penyebab_klaim` = `fact_nasabah`.`id_penyebab_klaim`
WHERE `dim_waktu`.`id_waktu` = \'1\'
AND `dim_penyebab_klaim`.`id_penyebab_klaim` = \'1\'
GROUP BY `dim_penyebab_klaim`.`id_penyebab_klaim`', 0)
 2 SYSTEMPATH\Database\BaseConnection.php(692): CodeIgniter\Database\MySQLi\Connection->execute('SELECT count(id_nasabah) as total_nasabah
FROM `fact_nasabah`
JOIN `dim_waktu` ON `dim_waktu`.`id_waktu` = `fact_nasabah`.`id_waktu`
JOIN `dim_penyebab_klaim` ON `dim_penyebab_klaim`.`id_penyebab_klaim` = `fact_nasabah`.`id_penyebab_klaim`
WHERE `dim_waktu`.`id_waktu` = \'1\'
AND `dim_penyebab_klaim`.`id_penyebab_klaim` = \'1\'
GROUP BY `dim_penyebab_klaim`.`id_penyebab_klaim`')
 3 SYSTEMPATH\Database\BaseConnection.php(606): CodeIgniter\Database\BaseConnection->simpleQuery('SELECT count(id_nasabah) as total_nasabah
FROM `fact_nasabah`
JOIN `dim_waktu` ON `dim_waktu`.`id_waktu` = `fact_nasabah`.`id_waktu`
JOIN `dim_penyebab_klaim` ON `dim_penyebab_klaim`.`id_penyebab_klaim` = `fact_nasabah`.`id_penyebab_klaim`
WHERE `dim_waktu`.`id_waktu` = \'1\'
AND `dim_penyebab_klaim`.`id_penyebab_klaim` = \'1\'
GROUP BY `dim_penyebab_klaim`.`id_penyebab_klaim`')
 4 SYSTEMPATH\Database\BaseBuilder.php(1616): CodeIgniter\Database\BaseConnection->query('SELECT count(id_nasabah) as total_nasabah
FROM `fact_nasabah`
JOIN `dim_waktu` ON `dim_waktu`.`id_waktu` = `fact_nasabah`.`id_waktu`
JOIN `dim_penyebab_klaim` ON `dim_penyebab_klaim`.`id_penyebab_klaim` = `fact_nasabah`.`id_penyebab_klaim`
WHERE `dim_waktu`.`id_waktu` = :dim_waktu.id_waktu:
AND `dim_penyebab_klaim`.`id_penyebab_klaim` = :dim_penyebab_klaim.id_penyebab_klaim:
GROUP BY `dim_penyebab_klaim`.`id_penyebab_klaim`', [...], false)
 5 APPPATH\Models\PenyebabKlaimModel.php(33): CodeIgniter\Database\BaseBuilder->get()
 6 APPPATH\Controllers\PenyebabKlaimController.php(31): App\Models\PenyebabKlaimModel->getData('1', '1')
 7 SYSTEMPATH\CodeIgniter.php(934): App\Controllers\PenyebabKlaimController->getData('1', '1')
 8 SYSTEMPATH\CodeIgniter.php(499): CodeIgniter\CodeIgniter->runController(Object(App\Controllers\PenyebabKlaimController))
 9 SYSTEMPATH\CodeIgniter.php(368): CodeIgniter\CodeIgniter->handleRequest(null, Object(Config\Cache), false)
10 FCPATH\index.php(67): CodeIgniter\CodeIgniter->run()
11 SYSTEMPATH\Commands\Server\rewrite.php(47): require_once('C:\\xampp\\htdocs\\data_warehouse\\public\\index.php')
CRITICAL - 2023-07-29 16:29:04 --> You must set the database table to be used with your query.
in SYSTEMPATH\Database\BaseConnection.php on line 883.
 1 SYSTEMPATH\Model.php(642): CodeIgniter\Database\BaseConnection->table(null)
 2 SYSTEMPATH\Model.php(832): CodeIgniter\Model->builder()
 3 APPPATH\Controllers\HomeController.php(15): CodeIgniter\Model->__call('getNumStaf', [])
 4 SYSTEMPATH\CodeIgniter.php(934): App\Controllers\HomeController->index()
 5 SYSTEMPATH\CodeIgniter.php(499): CodeIgniter\CodeIgniter->runController(Object(App\Controllers\HomeController))
 6 SYSTEMPATH\CodeIgniter.php(368): CodeIgniter\CodeIgniter->handleRequest(null, Object(Config\Cache), false)
 7 FCPATH\index.php(67): CodeIgniter\CodeIgniter->run()
 8 SYSTEMPATH\Commands\Server\rewrite.php(47): require_once('C:\\xampp\\htdocs\\data_warehouse\\public\\index.php')
CRITICAL - 2023-07-29 16:31:40 --> You must set the database table to be used with your query.
in SYSTEMPATH\Database\BaseConnection.php on line 883.
 1 SYSTEMPATH\Model.php(642): CodeIgniter\Database\BaseConnection->table(null)
 2 SYSTEMPATH\Model.php(832): CodeIgniter\Model->builder()
 3 APPPATH\Controllers\HomeController.php(15): CodeIgniter\Model->__call('getNumStaf', [])
 4 SYSTEMPATH\CodeIgniter.php(934): App\Controllers\HomeController->index()
 5 SYSTEMPATH\CodeIgniter.php(499): CodeIgniter\CodeIgniter->runController(Object(App\Controllers\HomeController))
 6 SYSTEMPATH\CodeIgniter.php(368): CodeIgniter\CodeIgniter->handleRequest(null, Object(Config\Cache), false)
 7 FCPATH\index.php(67): CodeIgniter\CodeIgniter->run()
 8 SYSTEMPATH\Commands\Server\rewrite.php(47): require_once('C:\\xampp\\htdocs\\data_warehouse\\public\\index.php')
CRITICAL - 2023-07-29 16:32:10 --> You must set the database table to be used with your query.
in SYSTEMPATH\Database\BaseConnection.php on line 883.
 1 SYSTEMPATH\Model.php(642): CodeIgniter\Database\BaseConnection->table(null)
 2 SYSTEMPATH\Model.php(832): CodeIgniter\Model->builder()
 3 APPPATH\Controllers\HomeController.php(15): CodeIgniter\Model->__call('getNumStaf', [])
 4 SYSTEMPATH\CodeIgniter.php(934): App\Controllers\HomeController->index()
 5 SYSTEMPATH\CodeIgniter.php(499): CodeIgniter\CodeIgniter->runController(Object(App\Controllers\HomeController))
 6 SYSTEMPATH\CodeIgniter.php(368): CodeIgniter\CodeIgniter->handleRequest(null, Object(Config\Cache), false)
 7 FCPATH\index.php(67): CodeIgniter\CodeIgniter->run()
 8 SYSTEMPATH\Commands\Server\rewrite.php(47): require_once('C:\\xampp\\htdocs\\data_warehouse\\public\\index.php')
CRITICAL - 2023-07-29 16:32:15 --> You must set the database table to be used with your query.
in SYSTEMPATH\Database\BaseConnection.php on line 883.
 1 SYSTEMPATH\Model.php(642): CodeIgniter\Database\BaseConnection->table(null)
 2 SYSTEMPATH\Model.php(832): CodeIgniter\Model->builder()
 3 APPPATH\Controllers\HomeController.php(15): CodeIgniter\Model->__call('getNumStaf', [])
 4 SYSTEMPATH\CodeIgniter.php(934): App\Controllers\HomeController->index()
 5 SYSTEMPATH\CodeIgniter.php(499): CodeIgniter\CodeIgniter->runController(Object(App\Controllers\HomeController))
 6 SYSTEMPATH\CodeIgniter.php(368): CodeIgniter\CodeIgniter->handleRequest(null, Object(Config\Cache), false)
 7 FCPATH\index.php(67): CodeIgniter\CodeIgniter->run()
 8 SYSTEMPATH\Commands\Server\rewrite.php(47): require_once('C:\\xampp\\htdocs\\data_warehouse\\public\\index.php')
ERROR - 2023-07-29 17:25:17 --> mysqli_sql_exception: Unknown column 'status' in 'field list' in C:\xampp\htdocs\data_warehouse\system\Database\MySQLi\Connection.php:295
Stack trace:
#0 C:\xampp\htdocs\data_warehouse\system\Database\MySQLi\Connection.php(295): mysqli->query('SELECT `status`...', 0)
#1 C:\xampp\htdocs\data_warehouse\system\Database\BaseConnection.php(692): CodeIgniter\Database\MySQLi\Connection->execute('SELECT `status`...')
#2 C:\xampp\htdocs\data_warehouse\system\Database\BaseConnection.php(606): CodeIgniter\Database\BaseConnection->simpleQuery('SELECT `status`...')
#3 C:\xampp\htdocs\data_warehouse\system\Database\BaseBuilder.php(1616): CodeIgniter\Database\BaseConnection->query('SELECT `status`...', Array, false)
#4 C:\xampp\htdocs\data_warehouse\app\Models\DashboardModel.php(52): CodeIgniter\Database\BaseBuilder->get()
#5 C:\xampp\htdocs\data_warehouse\app\Controllers\HomeController.php(21): App\Models\DashboardModel->getStatusData()
#6 C:\xampp\htdocs\data_warehouse\system\CodeIgniter.php(934): App\Controllers\HomeController->index()
#7 C:\xampp\htdocs\data_warehouse\system\CodeIgniter.php(499): CodeIgniter\CodeIgniter->runController(Object(App\Controllers\HomeController))
#8 C:\xampp\htdocs\data_warehouse\system\CodeIgniter.php(368): CodeIgniter\CodeIgniter->handleRequest(NULL, Object(Config\Cache), false)
#9 C:\xampp\htdocs\data_warehouse\public\index.php(67): CodeIgniter\CodeIgniter->run()
#10 C:\xampp\htdocs\data_warehouse\system\Commands\Server\rewrite.php(47): require_once('C:\\xampp\\htdocs...')
#11 {main}
CRITICAL - 2023-07-29 17:25:17 --> Unknown column 'status' in 'field list'
in SYSTEMPATH\Database\MySQLi\Connection.php on line 295.
 1 SYSTEMPATH\Database\MySQLi\Connection.php(295): mysqli->query('SELECT `status`, COUNT(*) as count
FROM `fact_nasabah`
GROUP BY `status`', 0)
 2 SYSTEMPATH\Database\BaseConnection.php(692): CodeIgniter\Database\MySQLi\Connection->execute('SELECT `status`, COUNT(*) as count
FROM `fact_nasabah`
GROUP BY `status`')
 3 SYSTEMPATH\Database\BaseConnection.php(606): CodeIgniter\Database\BaseConnection->simpleQuery('SELECT `status`, COUNT(*) as count
FROM `fact_nasabah`
GROUP BY `status`')
 4 SYSTEMPATH\Database\BaseBuilder.php(1616): CodeIgniter\Database\BaseConnection->query('SELECT `status`, COUNT(*) as count
FROM `fact_nasabah`
GROUP BY `status`', [], false)
 5 APPPATH\Models\DashboardModel.php(52): CodeIgniter\Database\BaseBuilder->get()
 6 APPPATH\Controllers\HomeController.php(21): App\Models\DashboardModel->getStatusData()
 7 SYSTEMPATH\CodeIgniter.php(934): App\Controllers\HomeController->index()
 8 SYSTEMPATH\CodeIgniter.php(499): CodeIgniter\CodeIgniter->runController(Object(App\Controllers\HomeController))
 9 SYSTEMPATH\CodeIgniter.php(368): CodeIgniter\CodeIgniter->handleRequest(null, Object(Config\Cache), false)
10 FCPATH\index.php(67): CodeIgniter\CodeIgniter->run()
11 SYSTEMPATH\Commands\Server\rewrite.php(47): require_once('C:\\xampp\\htdocs\\data_warehouse\\public\\index.php')
